{"C:\\UniQueryProject\\UniQuery\\server\\src\\app.ts": {"path":"C:\\UniQueryProject\\UniQuery\\server\\src\\app.ts","statementMap":{"0":{"start":{"line":10,"column":0},"end":{"line":10,"column":16}},"1":{"start":{"line":1,"column":0},"end":{"line":1,"column":30}},"2":{"start":{"line":2,"column":0},"end":{"line":2,"column":24}},"3":{"start":{"line":3,"column":0},"end":{"line":3,"column":44}},"4":{"start":{"line":4,"column":0},"end":{"line":4,"column":38}},"5":{"start":{"line":5,"column":0},"end":{"line":5,"column":49}},"6":{"start":{"line":11,"column":14},"end":{"line":11,"column":23}},"7":{"start":{"line":13,"column":2},"end":{"line":24,"column":4}},"8":{"start":{"line":25,"column":2},"end":{"line":25,"column":26}},"9":{"start":{"line":27,"column":2},"end":{"line":29,"column":5}},"10":{"start":{"line":28,"column":4},"end":{"line":28,"column":46}},"11":{"start":{"line":31,"column":2},"end":{"line":33,"column":5}},"12":{"start":{"line":32,"column":4},"end":{"line":32,"column":43}},"13":{"start":{"line":37,"column":2},"end":{"line":37,"column":37}},"14":{"start":{"line":38,"column":2},"end":{"line":38,"column":31}},"15":{"start":{"line":39,"column":2},"end":{"line":39,"column":42}},"16":{"start":{"line":41,"column":2},"end":{"line":41,"column":13}}},"fnMap":{"0":{"name":"createApp","decl":{"start":{"line":10,"column":16},"end":{"line":10,"column":25}},"loc":{"start":{"line":10,"column":25},"end":{"line":42,"column":1}}},"1":{"name":"(anonymous_2)","decl":{"start":{"line":27,"column":15},"end":{"line":27,"column":16}},"loc":{"start":{"line":27,"column":29},"end":{"line":29,"column":3}}},"2":{"name":"(anonymous_3)","decl":{"start":{"line":31,"column":22},"end":{"line":31,"column":23}},"loc":{"start":{"line":31,"column":36},"end":{"line":33,"column":3}}}},"branchMap":{},"s":{"0":1,"1":1,"2":1,"3":1,"4":1,"5":1,"6":1,"7":1,"8":1,"9":1,"10":1,"11":1,"12":1,"13":1,"14":1,"15":1,"16":1},"f":{"0":1,"1":1,"2":1},"b":{}}
,"C:\\UniQueryProject\\UniQuery\\server\\src\\middleware\\auth.ts": {"path":"C:\\UniQueryProject\\UniQuery\\server\\src\\middleware\\auth.ts","statementMap":{"0":{"start":{"line":2,"column":0},"end":{"line":2,"column":31}},"1":{"start":{"line":3,"column":0},"end":{"line":3,"column":28}},"2":{"start":{"line":4,"column":0},"end":{"line":4,"column":35}},"3":{"start":{"line":18,"column":18},"end":{"line":18,"column":40}},"4":{"start":{"line":19,"column":30},"end":{"line":19,"column":32}},"5":{"start":{"line":21,"column":23},"end":{"line":22,"column":57}},"6":{"start":{"line":22,"column":2},"end":{"line":22,"column":57}},"7":{"start":{"line":24,"column":28},"end":{"line":84,"column":1}},"8":{"start":{"line":25,"column":21},"end":{"line":25,"column":49}},"9":{"start":{"line":26,"column":16},"end":{"line":26,"column":54}},"10":{"start":{"line":28,"column":2},"end":{"line":30,"column":3}},"11":{"start":{"line":29,"column":4},"end":{"line":29,"column":68}},"12":{"start":{"line":32,"column":2},"end":{"line":34,"column":3}},"13":{"start":{"line":33,"column":4},"end":{"line":33,"column":72}},"14":{"start":{"line":36,"column":2},"end":{"line":83,"column":3}},"15":{"start":{"line":37,"column":20},"end":{"line":37,"column":null}},"16":{"start":{"line":46,"column":24},"end":{"line":46,"column":45}},"17":{"start":{"line":48,"column":26},"end":{"line":52,"column":null}},"18":{"start":{"line":55,"column":4},"end":{"line":57,"column":5}},"19":{"start":{"line":56,"column":6},"end":{"line":56,"column":66}},"20":{"start":{"line":59,"column":20},"end":{"line":59,"column":41}},"21":{"start":{"line":60,"column":4},"end":{"line":62,"column":5}},"22":{"start":{"line":61,"column":6},"end":{"line":61,"column":64}},"23":{"start":{"line":64,"column":23},"end":{"line":64,"column":63}},"24":{"start":{"line":65,"column":24},"end":{"line":65,"column":62}},"25":{"start":{"line":66,"column":4},"end":{"line":68,"column":5}},"26":{"start":{"line":67,"column":6},"end":{"line":67,"column":64}},"27":{"start":{"line":70,"column":4},"end":{"line":70,"column":109}},"28":{"start":{"line":72,"column":4},"end":{"line":78,"column":6}},"29":{"start":{"line":80,"column":4},"end":{"line":80,"column":11}},"30":{"start":{"line":82,"column":4},"end":{"line":82,"column":71}},"31":{"start":{"line":24,"column":13},"end":{"line":24,"column":28}},"32":{"start":{"line":86,"column":27},"end":{"line":94,"column":1}},"33":{"start":{"line":87,"column":2},"end":{"line":93,"column":4}},"34":{"start":{"line":88,"column":17},"end":{"line":88,"column":31}},"35":{"start":{"line":89,"column":4},"end":{"line":91,"column":5}},"36":{"start":{"line":90,"column":6},"end":{"line":90,"column":66}},"37":{"start":{"line":92,"column":4},"end":{"line":92,"column":11}},"38":{"start":{"line":86,"column":13},"end":{"line":86,"column":27}}},"fnMap":{"0":{"name":"(anonymous_1)","decl":{"start":{"line":21,"column":23},"end":{"line":21,"column":24}},"loc":{"start":{"line":22,"column":2},"end":{"line":22,"column":57}}},"1":{"name":"(anonymous_2)","decl":{"start":{"line":24,"column":28},"end":{"line":24,"column":33}},"loc":{"start":{"line":24,"column":90},"end":{"line":84,"column":1}}},"2":{"name":"(anonymous_3)","decl":{"start":{"line":86,"column":27},"end":{"line":86,"column":28}},"loc":{"start":{"line":86,"column":57},"end":{"line":94,"column":1}}},"3":{"name":"(anonymous_4)","decl":{"start":{"line":87,"column":9},"end":{"line":87,"column":10}},"loc":{"start":{"line":87,"column":65},"end":{"line":93,"column":3}}}},"branchMap":{"0":{"loc":{"start":{"line":26,"column":16},"end":{"line":26,"column":54}},"type":"binary-expr","locations":[{"start":{"line":26,"column":16},"end":{"line":26,"column":26}},{"start":{"line":26,"column":30},"end":{"line":26,"column":54}}]},"1":{"loc":{"start":{"line":28,"column":2},"end":{"line":30,"column":3}},"type":"if","locations":[{"start":{"line":28,"column":2},"end":{"line":30,"column":3}},{"start":{},"end":{}}]},"2":{"loc":{"start":{"line":32,"column":2},"end":{"line":34,"column":3}},"type":"if","locations":[{"start":{"line":32,"column":2},"end":{"line":34,"column":3}},{"start":{},"end":{}}]},"3":{"loc":{"start":{"line":55,"column":4},"end":{"line":57,"column":5}},"type":"if","locations":[{"start":{"line":55,"column":4},"end":{"line":57,"column":5}},{"start":{},"end":{}}]},"4":{"loc":{"start":{"line":60,"column":4},"end":{"line":62,"column":5}},"type":"if","locations":[{"start":{"line":60,"column":4},"end":{"line":62,"column":5}},{"start":{},"end":{}}]},"5":{"loc":{"start":{"line":66,"column":4},"end":{"line":68,"column":5}},"type":"if","locations":[{"start":{"line":66,"column":4},"end":{"line":68,"column":5}},{"start":{},"end":{}}]},"6":{"loc":{"start":{"line":76,"column":25},"end":{"line":76,"column":57}},"type":"binary-expr","locations":[{"start":{"line":76,"column":25},"end":{"line":76,"column":51}},{"start":{"line":76,"column":55},"end":{"line":76,"column":57}}]},"7":{"loc":{"start":{"line":89,"column":4},"end":{"line":91,"column":5}},"type":"if","locations":[{"start":{"line":89,"column":4},"end":{"line":91,"column":5}},{"start":{},"end":{}}]},"8":{"loc":{"start":{"line":89,"column":8},"end":{"line":89,"column":45}},"type":"binary-expr","locations":[{"start":{"line":89,"column":8},"end":{"line":89,"column":13}},{"start":{"line":89,"column":17},"end":{"line":89,"column":45}}]}},"s":{"0":2,"1":2,"2":2,"3":2,"4":2,"5":2,"6":4,"7":2,"8":6,"9":6,"10":6,"11":1,"12":5,"13":0,"14":5,"15":5,"16":4,"17":4,"18":4,"19":1,"20":3,"21":3,"22":1,"23":2,"24":2,"25":2,"26":1,"27":1,"28":1,"29":1,"30":1,"31":2,"32":2,"33":16,"34":2,"35":2,"36":1,"37":1,"38":2},"f":{"0":4,"1":6,"2":16,"3":2},"b":{"0":[6,5],"1":[1,5],"2":[0,5],"3":[1,3],"4":[1,2],"5":[1,1],"6":[1,0],"7":[1,1],"8":[2,2]}}
,"C:\\UniQueryProject\\UniQuery\\server\\src\\routes\\users.ts": {"path":"C:\\UniQueryProject\\UniQuery\\server\\src\\routes\\users.ts","statementMap":{"0":{"start":{"line":1,"column":0},"end":{"line":1,"column":30}},"1":{"start":{"line":2,"column":0},"end":{"line":2,"column":35}},"2":{"start":{"line":3,"column":0},"end":{"line":3,"column":66}},"3":{"start":{"line":5,"column":15},"end":{"line":5,"column":31}},"4":{"start":{"line":7,"column":25},"end":{"line":16,"column":1}},"5":{"start":{"line":8,"column":2},"end":{"line":10,"column":3}},"6":{"start":{"line":9,"column":4},"end":{"line":9,"column":73}},"7":{"start":{"line":11,"column":24},"end":{"line":11,"column":46}},"8":{"start":{"line":12,"column":2},"end":{"line":15,"column":4}},"9":{"start":{"line":18,"column":26},"end":{"line":18,"column":77}},"10":{"start":{"line":18,"column":59},"end":{"line":18,"column":77}},"11":{"start":{"line":20,"column":19},"end":{"line":48,"column":1}},"12":{"start":{"line":31,"column":26},"end":{"line":31,"column":60}},"13":{"start":{"line":32,"column":15},"end":{"line":32,"column":28}},"14":{"start":{"line":33,"column":30},"end":{"line":33,"column":43}},"15":{"start":{"line":34,"column":2},"end":{"line":47,"column":4}},"16":{"start":{"line":50,"column":26},"end":{"line":56,"column":1}},"17":{"start":{"line":51,"column":17},"end":{"line":53,"column":null}},"18":{"start":{"line":55,"column":2},"end":{"line":55,"column":32}},"19":{"start":{"line":59,"column":0},"end":{"line":82,"column":3}},"20":{"start":{"line":60,"column":17},"end":{"line":60,"column":33}},"21":{"start":{"line":61,"column":2},"end":{"line":63,"column":3}},"22":{"start":{"line":62,"column":4},"end":{"line":62,"column":59}},"23":{"start":{"line":65,"column":2},"end":{"line":81,"column":3}},"24":{"start":{"line":66,"column":19},"end":{"line":69,"column":null}},"25":{"start":{"line":72,"column":4},"end":{"line":74,"column":5}},"26":{"start":{"line":73,"column":6},"end":{"line":73,"column":63}},"27":{"start":{"line":76,"column":26},"end":{"line":76,"column":57}},"28":{"start":{"line":77,"column":4},"end":{"line":77,"column":56}},"29":{"start":{"line":79,"column":4},"end":{"line":79,"column":49}},"30":{"start":{"line":80,"column":4},"end":{"line":80,"column":67}},"31":{"start":{"line":85,"column":0},"end":{"line":158,"column":3}},"32":{"start":{"line":86,"column":17},"end":{"line":86,"column":33}},"33":{"start":{"line":87,"column":2},"end":{"line":89,"column":3}},"34":{"start":{"line":88,"column":4},"end":{"line":88,"column":59}},"35":{"start":{"line":91,"column":42},"end":{"line":91,"column":50}},"36":{"start":{"line":93,"column":2},"end":{"line":95,"column":3}},"37":{"start":{"line":94,"column":4},"end":{"line":94,"column":75}},"38":{"start":{"line":97,"column":2},"end":{"line":157,"column":3}},"39":{"start":{"line":98,"column":23},"end":{"line":100,"column":null}},"40":{"start":{"line":103,"column":4},"end":{"line":105,"column":5}},"41":{"start":{"line":104,"column":6},"end":{"line":104,"column":63}},"42":{"start":{"line":107,"column":26},"end":{"line":107,"column":59}},"43":{"start":{"line":108,"column":23},"end":{"line":108,"column":60}},"44":{"start":{"line":110,"column":4},"end":{"line":112,"column":5}},"45":{"start":{"line":111,"column":6},"end":{"line":111,"column":83}},"46":{"start":{"line":114,"column":25},"end":{"line":117,"column":null}},"47":{"start":{"line":120,"column":4},"end":{"line":122,"column":5}},"48":{"start":{"line":121,"column":6},"end":{"line":121,"column":73}},"49":{"start":{"line":124,"column":4},"end":{"line":124,"column":30}},"50":{"start":{"line":127,"column":4},"end":{"line":141,"column":5}},"51":{"start":{"line":128,"column":6},"end":{"line":134,"column":8}},"52":{"start":{"line":136,"column":6},"end":{"line":140,"column":8}},"53":{"start":{"line":143,"column":4},"end":{"line":148,"column":6}},"54":{"start":{"line":150,"column":4},"end":{"line":150,"column":31}},"55":{"start":{"line":152,"column":4},"end":{"line":152,"column":47}},"56":{"start":{"line":154,"column":4},"end":{"line":154,"column":33}},"57":{"start":{"line":155,"column":4},"end":{"line":155,"column":57}},"58":{"start":{"line":156,"column":4},"end":{"line":156,"column":67}},"59":{"start":{"line":161,"column":0},"end":{"line":202,"column":3}},"60":{"start":{"line":162,"column":17},"end":{"line":162,"column":33}},"61":{"start":{"line":163,"column":2},"end":{"line":165,"column":3}},"62":{"start":{"line":164,"column":4},"end":{"line":164,"column":59}},"63":{"start":{"line":167,"column":32},"end":{"line":167,"column":40}},"64":{"start":{"line":169,"column":2},"end":{"line":201,"column":3}},"65":{"start":{"line":170,"column":20},"end":{"line":172,"column":null}},"66":{"start":{"line":175,"column":4},"end":{"line":177,"column":5}},"67":{"start":{"line":176,"column":6},"end":{"line":176,"column":63}},"68":{"start":{"line":179,"column":25},"end":{"line":179,"column":71}},"69":{"start":{"line":180,"column":21},"end":{"line":180,"column":54}},"70":{"start":{"line":181,"column":22},"end":{"line":181,"column":49}},"71":{"start":{"line":182,"column":21},"end":{"line":182,"column":46}},"72":{"start":{"line":184,"column":4},"end":{"line":186,"column":5}},"73":{"start":{"line":185,"column":6},"end":{"line":185,"column":83}},"74":{"start":{"line":188,"column":19},"end":{"line":193,"column":null}},"75":{"start":{"line":196,"column":26},"end":{"line":196,"column":57}},"76":{"start":{"line":197,"column":4},"end":{"line":197,"column":56}},"77":{"start":{"line":199,"column":4},"end":{"line":199,"column":52}},"78":{"start":{"line":200,"column":4},"end":{"line":200,"column":62}},"79":{"start":{"line":205,"column":0},"end":{"line":231,"column":3}},"80":{"start":{"line":206,"column":2},"end":{"line":230,"column":3}},"81":{"start":{"line":207,"column":19},"end":{"line":210,"column":null}},"82":{"start":{"line":213,"column":4},"end":{"line":215,"column":5}},"83":{"start":{"line":214,"column":6},"end":{"line":214,"column":63}},"84":{"start":{"line":217,"column":19},"end":{"line":217,"column":45}},"85":{"start":{"line":218,"column":4},"end":{"line":226,"column":7}},"86":{"start":{"line":228,"column":4},"end":{"line":228,"column":49}},"87":{"start":{"line":229,"column":4},"end":{"line":229,"column":59}},"88":{"start":{"line":233,"column":0},"end":{"line":233,"column":22}}},"fnMap":{"0":{"name":"(anonymous_1)","decl":{"start":{"line":7,"column":25},"end":{"line":7,"column":26}},"loc":{"start":{"line":7,"column":56},"end":{"line":16,"column":1}}},"1":{"name":"(anonymous_2)","decl":{"start":{"line":18,"column":26},"end":{"line":18,"column":27}},"loc":{"start":{"line":18,"column":59},"end":{"line":18,"column":77}}},"2":{"name":"(anonymous_3)","decl":{"start":{"line":20,"column":19},"end":{"line":20,"column":null}},"loc":{"start":{"line":30,"column":4},"end":{"line":48,"column":1}}},"3":{"name":"(anonymous_4)","decl":{"start":{"line":50,"column":26},"end":{"line":50,"column":31}},"loc":{"start":{"line":50,"column":51},"end":{"line":56,"column":1}}},"4":{"name":"(anonymous_5)","decl":{"start":{"line":59,"column":32},"end":{"line":59,"column":37}},"loc":{"start":{"line":59,"column":64},"end":{"line":82,"column":1}}},"5":{"name":"(anonymous_6)","decl":{"start":{"line":85,"column":41},"end":{"line":85,"column":46}},"loc":{"start":{"line":85,"column":73},"end":{"line":158,"column":1}}},"6":{"name":"(anonymous_7)","decl":{"start":{"line":161,"column":37},"end":{"line":161,"column":42}},"loc":{"start":{"line":161,"column":69},"end":{"line":202,"column":1}}},"7":{"name":"(anonymous_8)","decl":{"start":{"line":205,"column":19},"end":{"line":205,"column":24}},"loc":{"start":{"line":205,"column":38},"end":{"line":231,"column":1}}}},"branchMap":{"0":{"loc":{"start":{"line":8,"column":2},"end":{"line":10,"column":3}},"type":"if","locations":[{"start":{"line":8,"column":2},"end":{"line":10,"column":3}},{"start":{},"end":{}}]},"1":{"loc":{"start":{"line":13,"column":11},"end":{"line":13,"column":32}},"type":"binary-expr","locations":[{"start":{"line":13,"column":11},"end":{"line":13,"column":24}},{"start":{"line":13,"column":28},"end":{"line":13,"column":32}}]},"2":{"loc":{"start":{"line":14,"column":10},"end":{"line":14,"column":30}},"type":"binary-expr","locations":[{"start":{"line":14,"column":10},"end":{"line":14,"column":22}},{"start":{"line":14,"column":26},"end":{"line":14,"column":30}}]},"3":{"loc":{"start":{"line":29,"column":2},"end":{"line":29,"column":23}},"type":"default-arg","locations":[{"start":{"line":29,"column":18},"end":{"line":29,"column":23}}]},"4":{"loc":{"start":{"line":40,"column":12},"end":{"line":42,"column":12}},"type":"cond-expr","locations":[{"start":{"line":41,"column":8},"end":{"line":41,"column":85}},{"start":{"line":42,"column":8},"end":{"line":42,"column":12}}]},"5":{"loc":{"start":{"line":43,"column":16},"end":{"line":43,"column":35}},"type":"binary-expr","locations":[{"start":{"line":43,"column":16},"end":{"line":43,"column":30}},{"start":{"line":43,"column":34},"end":{"line":43,"column":35}}]},"6":{"loc":{"start":{"line":45,"column":27},"end":{"line":45,"column":64}},"type":"binary-expr","locations":[{"start":{"line":45,"column":27},"end":{"line":45,"column":46}},{"start":{"line":45,"column":50},"end":{"line":45,"column":64}}]},"7":{"loc":{"start":{"line":61,"column":2},"end":{"line":63,"column":3}},"type":"if","locations":[{"start":{"line":61,"column":2},"end":{"line":63,"column":3}},{"start":{},"end":{}}]},"8":{"loc":{"start":{"line":72,"column":4},"end":{"line":74,"column":5}},"type":"if","locations":[{"start":{"line":72,"column":4},"end":{"line":74,"column":5}},{"start":{},"end":{}}]},"9":{"loc":{"start":{"line":87,"column":2},"end":{"line":89,"column":3}},"type":"if","locations":[{"start":{"line":87,"column":2},"end":{"line":89,"column":3}},{"start":{},"end":{}}]},"10":{"loc":{"start":{"line":93,"column":2},"end":{"line":95,"column":3}},"type":"if","locations":[{"start":{"line":93,"column":2},"end":{"line":95,"column":3}},{"start":{},"end":{}}]},"11":{"loc":{"start":{"line":103,"column":4},"end":{"line":105,"column":5}},"type":"if","locations":[{"start":{"line":103,"column":4},"end":{"line":105,"column":5}},{"start":{},"end":{}}]},"12":{"loc":{"start":{"line":110,"column":4},"end":{"line":112,"column":5}},"type":"if","locations":[{"start":{"line":110,"column":4},"end":{"line":112,"column":5}},{"start":{},"end":{}}]},"13":{"loc":{"start":{"line":110,"column":8},"end":{"line":110,"column":49}},"type":"binary-expr","locations":[{"start":{"line":110,"column":8},"end":{"line":110,"column":19}},{"start":{"line":110,"column":24},"end":{"line":110,"column":29}},{"start":{"line":110,"column":33},"end":{"line":110,"column":39}},{"start":{"line":110,"column":43},"end":{"line":110,"column":48}}]},"14":{"loc":{"start":{"line":120,"column":4},"end":{"line":122,"column":5}},"type":"if","locations":[{"start":{"line":120,"column":4},"end":{"line":122,"column":5}},{"start":{},"end":{}}]},"15":{"loc":{"start":{"line":127,"column":4},"end":{"line":141,"column":5}},"type":"if","locations":[{"start":{"line":127,"column":4},"end":{"line":141,"column":5}},{"start":{"line":135,"column":11},"end":{"line":141,"column":5}}]},"16":{"loc":{"start":{"line":163,"column":2},"end":{"line":165,"column":3}},"type":"if","locations":[{"start":{"line":163,"column":2},"end":{"line":165,"column":3}},{"start":{},"end":{}}]},"17":{"loc":{"start":{"line":175,"column":4},"end":{"line":177,"column":5}},"type":"if","locations":[{"start":{"line":175,"column":4},"end":{"line":177,"column":5}},{"start":{},"end":{}}]},"18":{"loc":{"start":{"line":180,"column":21},"end":{"line":180,"column":54}},"type":"binary-expr","locations":[{"start":{"line":180,"column":21},"end":{"line":180,"column":25}},{"start":{"line":180,"column":29},"end":{"line":180,"column":54}}]},"19":{"loc":{"start":{"line":181,"column":22},"end":{"line":181,"column":49}},"type":"binary-expr","locations":[{"start":{"line":181,"column":22},"end":{"line":181,"column":27}},{"start":{"line":181,"column":31},"end":{"line":181,"column":49}}]},"20":{"loc":{"start":{"line":182,"column":21},"end":{"line":182,"column":46}},"type":"binary-expr","locations":[{"start":{"line":182,"column":21},"end":{"line":182,"column":25}},{"start":{"line":182,"column":29},"end":{"line":182,"column":46}}]},"21":{"loc":{"start":{"line":184,"column":4},"end":{"line":186,"column":5}},"type":"if","locations":[{"start":{"line":184,"column":4},"end":{"line":186,"column":5}},{"start":{},"end":{}}]},"22":{"loc":{"start":{"line":184,"column":8},"end":{"line":184,"column":44}},"type":"binary-expr","locations":[{"start":{"line":184,"column":8},"end":{"line":184,"column":17}},{"start":{"line":184,"column":21},"end":{"line":184,"column":31}},{"start":{"line":184,"column":35},"end":{"line":184,"column":44}}]},"23":{"loc":{"start":{"line":213,"column":4},"end":{"line":215,"column":5}},"type":"if","locations":[{"start":{"line":213,"column":4},"end":{"line":215,"column":5}},{"start":{},"end":{}}]}},"s":{"0":2,"1":2,"2":2,"3":2,"4":2,"5":7,"6":1,"7":6,"8":6,"9":2,"10":2,"11":2,"12":6,"13":6,"14":6,"15":6,"16":2,"17":2,"18":2,"19":2,"20":1,"21":1,"22":0,"23":1,"24":1,"25":1,"26":0,"27":1,"28":1,"29":0,"30":0,"31":2,"32":5,"33":5,"34":0,"35":5,"36":5,"37":1,"38":4,"39":4,"40":4,"41":0,"42":4,"43":4,"44":4,"45":1,"46":3,"47":3,"48":1,"49":2,"50":2,"51":1,"52":1,"53":2,"54":2,"55":2,"56":0,"57":0,"58":0,"59":2,"60":1,"61":1,"62":0,"63":1,"64":1,"65":1,"66":1,"67":0,"68":1,"69":1,"70":1,"71":1,"72":1,"73":0,"74":1,"75":1,"76":1,"77":0,"78":0,"79":2,"80":3,"81":3,"82":3,"83":1,"84":2,"85":2,"86":0,"87":0,"88":2},"f":{"0":7,"1":2,"2":6,"3":2,"4":1,"5":5,"6":1,"7":3},"b":{"0":[1,6],"1":[6,0],"2":[6,0],"3":[2],"4":[5,1],"5":[6,0],"6":[6,5],"7":[0,1],"8":[0,1],"9":[0,5],"10":[1,4],"11":[0,4],"12":[1,3],"13":[4,3,2,2],"14":[1,2],"15":[1,1],"16":[0,1],"17":[0,1],"18":[1,0],"19":[1,0],"20":[1,0],"21":[0,1],"22":[1,1,1],"23":[1,2]}}
,"C:\\UniQueryProject\\UniQuery\\server\\src\\routes\\v1-admin.ts": {"path":"C:\\UniQueryProject\\UniQuery\\server\\src\\routes\\v1-admin.ts","statementMap":{"0":{"start":{"line":1,"column":0},"end":{"line":1,"column":30}},"1":{"start":{"line":2,"column":0},"end":{"line":2,"column":24}},"2":{"start":{"line":3,"column":0},"end":{"line":3,"column":35}},"3":{"start":{"line":4,"column":0},"end":{"line":4,"column":79}},"4":{"start":{"line":6,"column":15},"end":{"line":6,"column":31}},"5":{"start":{"line":8,"column":26},"end":{"line":11,"column":2}},"6":{"start":{"line":13,"column":21},"end":{"line":18,"column":2}},"7":{"start":{"line":20,"column":25},"end":{"line":24,"column":2}},"8":{"start":{"line":26,"column":0},"end":{"line":34,"column":3}},"9":{"start":{"line":27,"column":2},"end":{"line":33,"column":3}},"10":{"start":{"line":28,"column":19},"end":{"line":28,"column":106}},"11":{"start":{"line":29,"column":4},"end":{"line":29,"column":26}},"12":{"start":{"line":31,"column":4},"end":{"line":31,"column":57}},"13":{"start":{"line":32,"column":4},"end":{"line":32,"column":67}},"14":{"start":{"line":36,"column":0},"end":{"line":59,"column":3}},"15":{"start":{"line":37,"column":22},"end":{"line":37,"column":59}},"16":{"start":{"line":38,"column":2},"end":{"line":40,"column":3}},"17":{"start":{"line":39,"column":4},"end":{"line":39,"column":100}},"18":{"start":{"line":42,"column":27},"end":{"line":42,"column":43}},"19":{"start":{"line":44,"column":2},"end":{"line":58,"column":3}},"20":{"start":{"line":45,"column":19},"end":{"line":49,"column":null}},"21":{"start":{"line":51,"column":4},"end":{"line":51,"column":41}},"22":{"start":{"line":53,"column":4},"end":{"line":55,"column":5}},"23":{"start":{"line":54,"column":6},"end":{"line":54,"column":82}},"24":{"start":{"line":56,"column":4},"end":{"line":56,"column":56}},"25":{"start":{"line":57,"column":4},"end":{"line":57,"column":66}},"26":{"start":{"line":61,"column":0},"end":{"line":80,"column":3}},"27":{"start":{"line":62,"column":24},"end":{"line":62,"column":70}},"28":{"start":{"line":63,"column":2},"end":{"line":65,"column":3}},"29":{"start":{"line":64,"column":4},"end":{"line":64,"column":73}},"30":{"start":{"line":67,"column":2},"end":{"line":79,"column":3}},"31":{"start":{"line":68,"column":19},"end":{"line":73,"column":null}},"32":{"start":{"line":75,"column":4},"end":{"line":75,"column":26}},"33":{"start":{"line":77,"column":4},"end":{"line":77,"column":52}},"34":{"start":{"line":78,"column":4},"end":{"line":78,"column":62}},"35":{"start":{"line":82,"column":0},"end":{"line":105,"column":3}},"36":{"start":{"line":83,"column":22},"end":{"line":83,"column":54}},"37":{"start":{"line":84,"column":2},"end":{"line":86,"column":3}},"38":{"start":{"line":85,"column":4},"end":{"line":85,"column":100}},"39":{"start":{"line":88,"column":52},"end":{"line":88,"column":68}},"40":{"start":{"line":90,"column":2},"end":{"line":104,"column":3}},"41":{"start":{"line":91,"column":19},"end":{"line":95,"column":null}},"42":{"start":{"line":97,"column":4},"end":{"line":97,"column":41}},"43":{"start":{"line":99,"column":4},"end":{"line":101,"column":5}},"44":{"start":{"line":100,"column":6},"end":{"line":100,"column":91}},"45":{"start":{"line":102,"column":4},"end":{"line":102,"column":51}},"46":{"start":{"line":103,"column":4},"end":{"line":103,"column":61}},"47":{"start":{"line":107,"column":0},"end":{"line":128,"column":3}},"48":{"start":{"line":108,"column":19},"end":{"line":108,"column":60}},"49":{"start":{"line":109,"column":2},"end":{"line":111,"column":3}},"50":{"start":{"line":110,"column":4},"end":{"line":110,"column":68}},"51":{"start":{"line":113,"column":2},"end":{"line":127,"column":3}},"52":{"start":{"line":114,"column":19},"end":{"line":121,"column":null}},"53":{"start":{"line":123,"column":4},"end":{"line":123,"column":26}},"54":{"start":{"line":125,"column":4},"end":{"line":125,"column":56}},"55":{"start":{"line":126,"column":4},"end":{"line":126,"column":66}},"56":{"start":{"line":130,"column":0},"end":{"line":162,"column":3}},"57":{"start":{"line":131,"column":22},"end":{"line":131,"column":58}},"58":{"start":{"line":132,"column":2},"end":{"line":134,"column":3}},"59":{"start":{"line":133,"column":4},"end":{"line":133,"column":100}},"60":{"start":{"line":136,"column":40},"end":{"line":136,"column":56}},"61":{"start":{"line":138,"column":2},"end":{"line":161,"column":3}},"62":{"start":{"line":139,"column":23},"end":{"line":141,"column":null}},"63":{"start":{"line":143,"column":4},"end":{"line":145,"column":5}},"64":{"start":{"line":144,"column":6},"end":{"line":144,"column":63}},"65":{"start":{"line":147,"column":19},"end":{"line":147,"column":40}},"66":{"start":{"line":148,"column":19},"end":{"line":152,"column":null}},"67":{"start":{"line":154,"column":4},"end":{"line":154,"column":41}},"68":{"start":{"line":156,"column":4},"end":{"line":158,"column":5}},"69":{"start":{"line":157,"column":6},"end":{"line":157,"column":70}},"70":{"start":{"line":159,"column":4},"end":{"line":159,"column":55}},"71":{"start":{"line":160,"column":4},"end":{"line":160,"column":65}},"72":{"start":{"line":164,"column":0},"end":{"line":177,"column":3}},"73":{"start":{"line":165,"column":23},"end":{"line":165,"column":36}},"74":{"start":{"line":167,"column":2},"end":{"line":176,"column":3}},"75":{"start":{"line":168,"column":19},"end":{"line":168,"column":105}},"76":{"start":{"line":169,"column":4},"end":{"line":171,"column":5}},"77":{"start":{"line":170,"column":6},"end":{"line":170,"column":69}},"78":{"start":{"line":172,"column":4},"end":{"line":172,"column":48}},"79":{"start":{"line":174,"column":4},"end":{"line":174,"column":55}},"80":{"start":{"line":175,"column":4},"end":{"line":175,"column":65}},"81":{"start":{"line":179,"column":0},"end":{"line":254,"column":3}},"82":{"start":{"line":180,"column":19},"end":{"line":180,"column":32}},"83":{"start":{"line":182,"column":2},"end":{"line":253,"column":3}},"84":{"start":{"line":183,"column":4},"end":{"line":183,"column":30}},"85":{"start":{"line":185,"column":25},"end":{"line":190,"column":null}},"86":{"start":{"line":193,"column":4},"end":{"line":196,"column":5}},"87":{"start":{"line":194,"column":6},"end":{"line":194,"column":35}},"88":{"start":{"line":195,"column":6},"end":{"line":195,"column":85}},"89":{"start":{"line":198,"column":23},"end":{"line":198,"column":65}},"90":{"start":{"line":199,"column":17},"end":{"line":199,"column":44}},"91":{"start":{"line":200,"column":17},"end":{"line":200,"column":32}},"92":{"start":{"line":201,"column":15},"end":{"line":201,"column":34}},"93":{"start":{"line":203,"column":4},"end":{"line":207,"column":6}},"94":{"start":{"line":209,"column":4},"end":{"line":213,"column":6}},"95":{"start":{"line":215,"column":4},"end":{"line":220,"column":6}},"96":{"start":{"line":222,"column":4},"end":{"line":227,"column":6}},"97":{"start":{"line":229,"column":4},"end":{"line":233,"column":6}},"98":{"start":{"line":235,"column":4},"end":{"line":241,"column":6}},"99":{"start":{"line":243,"column":4},"end":{"line":243,"column":125}},"100":{"start":{"line":244,"column":4},"end":{"line":244,"column":79}},"101":{"start":{"line":246,"column":4},"end":{"line":246,"column":31}},"102":{"start":{"line":248,"column":4},"end":{"line":248,"column":57}},"103":{"start":{"line":250,"column":4},"end":{"line":250,"column":33}},"104":{"start":{"line":251,"column":4},"end":{"line":251,"column":52}},"105":{"start":{"line":252,"column":4},"end":{"line":252,"column":62}},"106":{"start":{"line":256,"column":0},"end":{"line":256,"column":22}}},"fnMap":{"0":{"name":"(anonymous_1)","decl":{"start":{"line":26,"column":64},"end":{"line":26,"column":69}},"loc":{"start":{"line":26,"column":97},"end":{"line":34,"column":1}}},"1":{"name":"(anonymous_2)","decl":{"start":{"line":36,"column":65},"end":{"line":36,"column":70}},"loc":{"start":{"line":36,"column":97},"end":{"line":59,"column":1}}},"2":{"name":"(anonymous_3)","decl":{"start":{"line":61,"column":59},"end":{"line":61,"column":64}},"loc":{"start":{"line":61,"column":91},"end":{"line":80,"column":1}}},"3":{"name":"(anonymous_4)","decl":{"start":{"line":82,"column":60},"end":{"line":82,"column":65}},"loc":{"start":{"line":82,"column":92},"end":{"line":105,"column":1}}},"4":{"name":"(anonymous_5)","decl":{"start":{"line":107,"column":63},"end":{"line":107,"column":68}},"loc":{"start":{"line":107,"column":95},"end":{"line":128,"column":1}}},"5":{"name":"(anonymous_6)","decl":{"start":{"line":130,"column":64},"end":{"line":130,"column":69}},"loc":{"start":{"line":130,"column":96},"end":{"line":162,"column":1}}},"6":{"name":"(anonymous_7)","decl":{"start":{"line":164,"column":70},"end":{"line":164,"column":75}},"loc":{"start":{"line":164,"column":102},"end":{"line":177,"column":1}}},"7":{"name":"(anonymous_8)","decl":{"start":{"line":179,"column":72},"end":{"line":179,"column":77}},"loc":{"start":{"line":179,"column":104},"end":{"line":254,"column":1}}}},"branchMap":{"0":{"loc":{"start":{"line":38,"column":2},"end":{"line":40,"column":3}},"type":"if","locations":[{"start":{"line":38,"column":2},"end":{"line":40,"column":3}},{"start":{},"end":{}}]},"1":{"loc":{"start":{"line":53,"column":4},"end":{"line":55,"column":5}},"type":"if","locations":[{"start":{"line":53,"column":4},"end":{"line":55,"column":5}},{"start":{},"end":{}}]},"2":{"loc":{"start":{"line":63,"column":2},"end":{"line":65,"column":3}},"type":"if","locations":[{"start":{"line":63,"column":2},"end":{"line":65,"column":3}},{"start":{},"end":{}}]},"3":{"loc":{"start":{"line":84,"column":2},"end":{"line":86,"column":3}},"type":"if","locations":[{"start":{"line":84,"column":2},"end":{"line":86,"column":3}},{"start":{},"end":{}}]},"4":{"loc":{"start":{"line":95,"column":22},"end":{"line":95,"column":39}},"type":"binary-expr","locations":[{"start":{"line":95,"column":22},"end":{"line":95,"column":31}},{"start":{"line":95,"column":35},"end":{"line":95,"column":39}}]},"5":{"loc":{"start":{"line":99,"column":4},"end":{"line":101,"column":5}},"type":"if","locations":[{"start":{"line":99,"column":4},"end":{"line":101,"column":5}},{"start":{},"end":{}}]},"6":{"loc":{"start":{"line":109,"column":2},"end":{"line":111,"column":3}},"type":"if","locations":[{"start":{"line":109,"column":2},"end":{"line":111,"column":3}},{"start":{},"end":{}}]},"7":{"loc":{"start":{"line":132,"column":2},"end":{"line":134,"column":3}},"type":"if","locations":[{"start":{"line":132,"column":2},"end":{"line":134,"column":3}},{"start":{},"end":{}}]},"8":{"loc":{"start":{"line":143,"column":4},"end":{"line":145,"column":5}},"type":"if","locations":[{"start":{"line":143,"column":4},"end":{"line":145,"column":5}},{"start":{},"end":{}}]},"9":{"loc":{"start":{"line":156,"column":4},"end":{"line":158,"column":5}},"type":"if","locations":[{"start":{"line":156,"column":4},"end":{"line":158,"column":5}},{"start":{},"end":{}}]},"10":{"loc":{"start":{"line":169,"column":4},"end":{"line":171,"column":5}},"type":"if","locations":[{"start":{"line":169,"column":4},"end":{"line":171,"column":5}},{"start":{},"end":{}}]},"11":{"loc":{"start":{"line":193,"column":4},"end":{"line":196,"column":5}},"type":"if","locations":[{"start":{"line":193,"column":4},"end":{"line":196,"column":5}},{"start":{},"end":{}}]}},"s":{"0":3,"1":3,"2":3,"3":3,"4":3,"5":3,"6":3,"7":3,"8":3,"9":2,"10":2,"11":1,"12":1,"13":1,"14":3,"15":3,"16":3,"17":1,"18":2,"19":2,"20":2,"21":1,"22":1,"23":1,"24":0,"25":0,"26":3,"27":1,"28":1,"29":1,"30":0,"31":0,"32":0,"33":0,"34":0,"35":3,"36":2,"37":2,"38":0,"39":2,"40":2,"41":2,"42":1,"43":1,"44":1,"45":0,"46":0,"47":3,"48":1,"49":1,"50":0,"51":1,"52":1,"53":1,"54":0,"55":0,"56":3,"57":3,"58":3,"59":0,"60":3,"61":3,"62":3,"63":3,"64":1,"65":2,"66":2,"67":1,"68":1,"69":1,"70":0,"71":0,"72":3,"73":2,"74":2,"75":2,"76":2,"77":1,"78":1,"79":0,"80":0,"81":3,"82":2,"83":2,"84":2,"85":2,"86":2,"87":1,"88":1,"89":1,"90":1,"91":1,"92":1,"93":1,"94":1,"95":1,"96":1,"97":1,"98":1,"99":1,"100":1,"101":1,"102":1,"103":0,"104":0,"105":0,"106":3},"f":{"0":2,"1":3,"2":1,"3":2,"4":1,"5":3,"6":2,"7":2},"b":{"0":[1,2],"1":[1,0],"2":[1,0],"3":[0,2],"4":[2,2],"5":[1,0],"6":[0,1],"7":[0,3],"8":[1,2],"9":[1,0],"10":[1,1],"11":[1,1]}}
,"C:\\UniQueryProject\\UniQuery\\server\\src\\routes\\v1-flags.ts": {"path":"C:\\UniQueryProject\\UniQuery\\server\\src\\routes\\v1-flags.ts","statementMap":{"0":{"start":{"line":1,"column":0},"end":{"line":1,"column":30}},"1":{"start":{"line":2,"column":0},"end":{"line":2,"column":24}},"2":{"start":{"line":3,"column":0},"end":{"line":3,"column":35}},"3":{"start":{"line":4,"column":0},"end":{"line":4,"column":66}},"4":{"start":{"line":5,"column":0},"end":{"line":5,"column":64}},"5":{"start":{"line":7,"column":15},"end":{"line":7,"column":31}},"6":{"start":{"line":9,"column":19},"end":{"line":12,"column":2}},"7":{"start":{"line":14,"column":0},"end":{"line":72,"column":3}},"8":{"start":{"line":15,"column":22},"end":{"line":15,"column":52}},"9":{"start":{"line":16,"column":2},"end":{"line":18,"column":3}},"10":{"start":{"line":17,"column":4},"end":{"line":17,"column":100}},"11":{"start":{"line":20,"column":21},"end":{"line":20,"column":37}},"12":{"start":{"line":21,"column":2},"end":{"line":23,"column":3}},"13":{"start":{"line":22,"column":4},"end":{"line":22,"column":59}},"14":{"start":{"line":25,"column":2},"end":{"line":71,"column":3}},"15":{"start":{"line":26,"column":4},"end":{"line":30,"column":6}},"16":{"start":{"line":32,"column":29},"end":{"line":39,"column":null}},"17":{"start":{"line":42,"column":4},"end":{"line":44,"column":5}},"18":{"start":{"line":43,"column":6},"end":{"line":43,"column":65}},"19":{"start":{"line":46,"column":21},"end":{"line":46,"column":55}},"20":{"start":{"line":48,"column":20},"end":{"line":53,"column":null}},"21":{"start":{"line":56,"column":4},"end":{"line":62,"column":5}},"22":{"start":{"line":57,"column":6},"end":{"line":61,"column":9}},"23":{"start":{"line":64,"column":4},"end":{"line":64,"column":56}},"24":{"start":{"line":66,"column":4},"end":{"line":68,"column":5}},"25":{"start":{"line":67,"column":6},"end":{"line":67,"column":64}},"26":{"start":{"line":69,"column":4},"end":{"line":69,"column":44}},"27":{"start":{"line":70,"column":4},"end":{"line":70,"column":59}},"28":{"start":{"line":74,"column":0},"end":{"line":74,"column":22}}},"fnMap":{"0":{"name":"(anonymous_1)","decl":{"start":{"line":14,"column":31},"end":{"line":14,"column":36}},"loc":{"start":{"line":14,"column":63},"end":{"line":72,"column":1}}}},"branchMap":{"0":{"loc":{"start":{"line":16,"column":2},"end":{"line":18,"column":3}},"type":"if","locations":[{"start":{"line":16,"column":2},"end":{"line":18,"column":3}},{"start":{},"end":{}}]},"1":{"loc":{"start":{"line":21,"column":2},"end":{"line":23,"column":3}},"type":"if","locations":[{"start":{"line":21,"column":2},"end":{"line":23,"column":3}},{"start":{},"end":{}}]},"2":{"loc":{"start":{"line":33,"column":6},"end":{"line":38,"column":null}},"type":"cond-expr","locations":[{"start":{"line":34,"column":10},"end":{"line":34,"column":61}},{"start":{"line":35,"column":10},"end":{"line":38,"column":null}}]},"3":{"loc":{"start":{"line":42,"column":4},"end":{"line":44,"column":5}},"type":"if","locations":[{"start":{"line":42,"column":4},"end":{"line":44,"column":5}},{"start":{},"end":{}}]},"4":{"loc":{"start":{"line":66,"column":4},"end":{"line":68,"column":5}},"type":"if","locations":[{"start":{"line":66,"column":4},"end":{"line":68,"column":5}},{"start":{},"end":{}}]}},"s":{"0":3,"1":3,"2":3,"3":3,"4":3,"5":3,"6":3,"7":3,"8":6,"9":6,"10":1,"11":5,"12":5,"13":0,"14":5,"15":5,"16":3,"17":3,"18":1,"19":2,"20":2,"21":2,"22":2,"23":2,"24":2,"25":1,"26":1,"27":1,"28":3},"f":{"0":6},"b":{"0":[1,5],"1":[0,5],"2":[2,1],"3":[1,2],"4":[1,1]}}
,"C:\\UniQueryProject\\UniQuery\\server\\src\\routes\\v1-moderation.ts": {"path":"C:\\UniQueryProject\\UniQuery\\server\\src\\routes\\v1-moderation.ts","statementMap":{"0":{"start":{"line":1,"column":0},"end":{"line":1,"column":30}},"1":{"start":{"line":2,"column":0},"end":{"line":2,"column":24}},"2":{"start":{"line":3,"column":0},"end":{"line":3,"column":35}},"3":{"start":{"line":4,"column":0},"end":{"line":4,"column":79}},"4":{"start":{"line":5,"column":0},"end":{"line":5,"column":59}},"5":{"start":{"line":7,"column":15},"end":{"line":7,"column":31}},"6":{"start":{"line":9,"column":21},"end":{"line":14,"column":2}},"7":{"start":{"line":16,"column":22},"end":{"line":18,"column":2}},"8":{"start":{"line":20,"column":0},"end":{"line":45,"column":3}},"9":{"start":{"line":21,"column":19},"end":{"line":21,"column":60}},"10":{"start":{"line":22,"column":2},"end":{"line":24,"column":3}},"11":{"start":{"line":23,"column":4},"end":{"line":23,"column":68}},"12":{"start":{"line":26,"column":2},"end":{"line":44,"column":3}},"13":{"start":{"line":27,"column":19},"end":{"line":38,"column":null}},"14":{"start":{"line":40,"column":4},"end":{"line":40,"column":26}},"15":{"start":{"line":42,"column":4},"end":{"line":42,"column":50}},"16":{"start":{"line":43,"column":4},"end":{"line":43,"column":60}},"17":{"start":{"line":47,"column":0},"end":{"line":95,"column":3}},"18":{"start":{"line":48,"column":22},"end":{"line":48,"column":54}},"19":{"start":{"line":49,"column":2},"end":{"line":51,"column":3}},"20":{"start":{"line":50,"column":4},"end":{"line":50,"column":100}},"21":{"start":{"line":53,"column":58},"end":{"line":53,"column":74}},"22":{"start":{"line":54,"column":18},"end":{"line":54,"column":34}},"23":{"start":{"line":56,"column":2},"end":{"line":58,"column":3}},"24":{"start":{"line":57,"column":4},"end":{"line":57,"column":59}},"25":{"start":{"line":60,"column":2},"end":{"line":94,"column":3}},"26":{"start":{"line":61,"column":4},"end":{"line":61,"column":30}},"27":{"start":{"line":63,"column":46},"end":{"line":68,"column":6}},"28":{"start":{"line":69,"column":22},"end":{"line":69,"column":39}},"29":{"start":{"line":71,"column":4},"end":{"line":75,"column":5}},"30":{"start":{"line":72,"column":6},"end":{"line":72,"column":96}},"31":{"start":{"line":74,"column":6},"end":{"line":74,"column":94}},"32":{"start":{"line":77,"column":4},"end":{"line":80,"column":6}},"33":{"start":{"line":82,"column":4},"end":{"line":86,"column":6}},"34":{"start":{"line":88,"column":4},"end":{"line":88,"column":31}},"35":{"start":{"line":89,"column":4},"end":{"line":89,"column":56}},"36":{"start":{"line":91,"column":4},"end":{"line":91,"column":33}},"37":{"start":{"line":92,"column":4},"end":{"line":92,"column":62}},"38":{"start":{"line":93,"column":4},"end":{"line":93,"column":74}},"39":{"start":{"line":97,"column":0},"end":{"line":116,"column":3}},"40":{"start":{"line":98,"column":22},"end":{"line":98,"column":55}},"41":{"start":{"line":99,"column":2},"end":{"line":101,"column":3}},"42":{"start":{"line":100,"column":4},"end":{"line":100,"column":100}},"43":{"start":{"line":103,"column":18},"end":{"line":103,"column":34}},"44":{"start":{"line":104,"column":20},"end":{"line":104,"column":40}},"45":{"start":{"line":106,"column":2},"end":{"line":108,"column":3}},"46":{"start":{"line":107,"column":4},"end":{"line":107,"column":59}},"47":{"start":{"line":110,"column":2},"end":{"line":115,"column":3}},"48":{"start":{"line":111,"column":19},"end":{"line":111,"column":87}},"49":{"start":{"line":112,"column":4},"end":{"line":112,"column":25}},"50":{"start":{"line":114,"column":4},"end":{"line":114,"column":72}},"51":{"start":{"line":118,"column":0},"end":{"line":118,"column":22}}},"fnMap":{"0":{"name":"(anonymous_1)","decl":{"start":{"line":20,"column":68},"end":{"line":20,"column":73}},"loc":{"start":{"line":20,"column":100},"end":{"line":45,"column":1}}},"1":{"name":"(anonymous_2)","decl":{"start":{"line":47,"column":71},"end":{"line":47,"column":76}},"loc":{"start":{"line":47,"column":103},"end":{"line":95,"column":1}}},"2":{"name":"(anonymous_3)","decl":{"start":{"line":97,"column":71},"end":{"line":97,"column":76}},"loc":{"start":{"line":97,"column":103},"end":{"line":116,"column":1}}}},"branchMap":{"0":{"loc":{"start":{"line":22,"column":2},"end":{"line":24,"column":3}},"type":"if","locations":[{"start":{"line":22,"column":2},"end":{"line":24,"column":3}},{"start":{},"end":{}}]},"1":{"loc":{"start":{"line":49,"column":2},"end":{"line":51,"column":3}},"type":"if","locations":[{"start":{"line":49,"column":2},"end":{"line":51,"column":3}},{"start":{},"end":{}}]},"2":{"loc":{"start":{"line":56,"column":2},"end":{"line":58,"column":3}},"type":"if","locations":[{"start":{"line":56,"column":2},"end":{"line":58,"column":3}},{"start":{},"end":{}}]},"3":{"loc":{"start":{"line":71,"column":4},"end":{"line":75,"column":5}},"type":"if","locations":[{"start":{"line":71,"column":4},"end":{"line":75,"column":5}},{"start":{"line":73,"column":11},"end":{"line":75,"column":5}}]},"4":{"loc":{"start":{"line":99,"column":2},"end":{"line":101,"column":3}},"type":"if","locations":[{"start":{"line":99,"column":2},"end":{"line":101,"column":3}},{"start":{},"end":{}}]},"5":{"loc":{"start":{"line":104,"column":20},"end":{"line":104,"column":40}},"type":"binary-expr","locations":[{"start":{"line":104,"column":20},"end":{"line":104,"column":34}},{"start":{"line":104,"column":38},"end":{"line":104,"column":40}}]},"6":{"loc":{"start":{"line":106,"column":2},"end":{"line":108,"column":3}},"type":"if","locations":[{"start":{"line":106,"column":2},"end":{"line":108,"column":3}},{"start":{},"end":{}}]},"7":{"loc":{"start":{"line":114,"column":34},"end":{"line":114,"column":68}},"type":"binary-expr","locations":[{"start":{"line":114,"column":34},"end":{"line":114,"column":48}},{"start":{"line":114,"column":52},"end":{"line":114,"column":68}}]}},"s":{"0":3,"1":3,"2":3,"3":3,"4":3,"5":3,"6":3,"7":3,"8":3,"9":3,"10":3,"11":1,"12":2,"13":2,"14":1,"15":1,"16":1,"17":3,"18":4,"19":4,"20":1,"21":3,"22":3,"23":3,"24":0,"25":3,"26":3,"27":2,"28":2,"29":2,"30":1,"31":1,"32":2,"33":2,"34":2,"35":2,"36":1,"37":1,"38":1,"39":3,"40":2,"41":2,"42":0,"43":2,"44":2,"45":2,"46":0,"47":2,"48":2,"49":1,"50":1,"51":3},"f":{"0":3,"1":4,"2":2},"b":{"0":[1,2],"1":[1,3],"2":[0,3],"3":[1,1],"4":[0,2],"5":[2,0],"6":[0,2],"7":[1,0]}}
,"C:\\UniQueryProject\\UniQuery\\server\\src\\routes\\v1-notifications.ts": {"path":"C:\\UniQueryProject\\UniQuery\\server\\src\\routes\\v1-notifications.ts","statementMap":{"0":{"start":{"line":1,"column":0},"end":{"line":1,"column":30}},"1":{"start":{"line":2,"column":0},"end":{"line":2,"column":35}},"2":{"start":{"line":3,"column":0},"end":{"line":3,"column":66}},"3":{"start":{"line":5,"column":15},"end":{"line":5,"column":31}},"4":{"start":{"line":7,"column":0},"end":{"line":31,"column":3}},"5":{"start":{"line":8,"column":17},"end":{"line":8,"column":33}},"6":{"start":{"line":9,"column":2},"end":{"line":11,"column":3}},"7":{"start":{"line":10,"column":4},"end":{"line":10,"column":59}},"8":{"start":{"line":13,"column":16},"end":{"line":13,"column":85}},"9":{"start":{"line":14,"column":17},"end":{"line":14,"column":71}},"10":{"start":{"line":16,"column":2},"end":{"line":30,"column":3}},"11":{"start":{"line":17,"column":19},"end":{"line":23,"column":null}},"12":{"start":{"line":26,"column":4},"end":{"line":26,"column":60}},"13":{"start":{"line":28,"column":4},"end":{"line":28,"column":58}},"14":{"start":{"line":29,"column":4},"end":{"line":29,"column":68}},"15":{"start":{"line":33,"column":0},"end":{"line":57,"column":3}},"16":{"start":{"line":34,"column":17},"end":{"line":34,"column":33}},"17":{"start":{"line":35,"column":2},"end":{"line":37,"column":3}},"18":{"start":{"line":36,"column":4},"end":{"line":36,"column":59}},"19":{"start":{"line":39,"column":2},"end":{"line":56,"column":3}},"20":{"start":{"line":40,"column":19},"end":{"line":45,"column":null}},"21":{"start":{"line":48,"column":4},"end":{"line":50,"column":5}},"22":{"start":{"line":49,"column":6},"end":{"line":49,"column":71}},"23":{"start":{"line":52,"column":4},"end":{"line":52,"column":72}},"24":{"start":{"line":54,"column":4},"end":{"line":54,"column":57}},"25":{"start":{"line":55,"column":4},"end":{"line":55,"column":67}},"26":{"start":{"line":59,"column":0},"end":{"line":59,"column":22}}},"fnMap":{"0":{"name":"(anonymous_1)","decl":{"start":{"line":7,"column":30},"end":{"line":7,"column":35}},"loc":{"start":{"line":7,"column":62},"end":{"line":31,"column":1}}},"1":{"name":"(anonymous_2)","decl":{"start":{"line":33,"column":40},"end":{"line":33,"column":45}},"loc":{"start":{"line":33,"column":72},"end":{"line":57,"column":1}}}},"branchMap":{"0":{"loc":{"start":{"line":9,"column":2},"end":{"line":11,"column":3}},"type":"if","locations":[{"start":{"line":9,"column":2},"end":{"line":11,"column":3}},{"start":{},"end":{}}]},"1":{"loc":{"start":{"line":13,"column":34},"end":{"line":13,"column":75}},"type":"binary-expr","locations":[{"start":{"line":13,"column":34},"end":{"line":13,"column":69}},{"start":{"line":13,"column":73},"end":{"line":13,"column":75}}]},"2":{"loc":{"start":{"line":14,"column":26},"end":{"line":14,"column":67}},"type":"binary-expr","locations":[{"start":{"line":14,"column":26},"end":{"line":14,"column":62}},{"start":{"line":14,"column":66},"end":{"line":14,"column":67}}]},"3":{"loc":{"start":{"line":35,"column":2},"end":{"line":37,"column":3}},"type":"if","locations":[{"start":{"line":35,"column":2},"end":{"line":37,"column":3}},{"start":{},"end":{}}]},"4":{"loc":{"start":{"line":48,"column":4},"end":{"line":50,"column":5}},"type":"if","locations":[{"start":{"line":48,"column":4},"end":{"line":50,"column":5}},{"start":{},"end":{}}]}},"s":{"0":3,"1":3,"2":3,"3":3,"4":3,"5":2,"6":2,"7":0,"8":2,"9":2,"10":2,"11":2,"12":1,"13":1,"14":1,"15":3,"16":2,"17":2,"18":0,"19":2,"20":2,"21":2,"22":1,"23":1,"24":0,"25":0,"26":3},"f":{"0":2,"1":2},"b":{"0":[0,2],"1":[2,2],"2":[2,2],"3":[0,2],"4":[1,1]}}
,"C:\\UniQueryProject\\UniQuery\\server\\src\\routes\\v1-perf.ts": {"path":"C:\\UniQueryProject\\UniQuery\\server\\src\\routes\\v1-perf.ts","statementMap":{"0":{"start":{"line":1,"column":0},"end":{"line":1,"column":30}},"1":{"start":{"line":2,"column":0},"end":{"line":2,"column":35}},"2":{"start":{"line":3,"column":0},"end":{"line":3,"column":66}},"3":{"start":{"line":5,"column":15},"end":{"line":5,"column":31}},"4":{"start":{"line":7,"column":0},"end":{"line":24,"column":3}},"5":{"start":{"line":8,"column":16},"end":{"line":8,"column":84}},"6":{"start":{"line":10,"column":2},"end":{"line":23,"column":3}},"7":{"start":{"line":11,"column":19},"end":{"line":16,"column":null}},"8":{"start":{"line":19,"column":4},"end":{"line":19,"column":39}},"9":{"start":{"line":21,"column":4},"end":{"line":21,"column":57}},"10":{"start":{"line":22,"column":4},"end":{"line":22,"column":67}},"11":{"start":{"line":26,"column":0},"end":{"line":26,"column":22}}},"fnMap":{"0":{"name":"(anonymous_1)","decl":{"start":{"line":7,"column":64},"end":{"line":7,"column":69}},"loc":{"start":{"line":7,"column":83},"end":{"line":24,"column":1}}}},"branchMap":{"0":{"loc":{"start":{"line":8,"column":34},"end":{"line":8,"column":75}},"type":"binary-expr","locations":[{"start":{"line":8,"column":34},"end":{"line":8,"column":69}},{"start":{"line":8,"column":73},"end":{"line":8,"column":75}}]}},"s":{"0":3,"1":3,"2":3,"3":3,"4":3,"5":2,"6":2,"7":2,"8":1,"9":1,"10":1,"11":3},"f":{"0":2},"b":{"0":[2,1]}}
,"C:\\UniQueryProject\\UniQuery\\server\\src\\routes\\v1-qa.ts": {"path":"C:\\UniQueryProject\\UniQuery\\server\\src\\routes\\v1-qa.ts","statementMap":{"0":{"start":{"line":1,"column":0},"end":{"line":1,"column":30}},"1":{"start":{"line":2,"column":0},"end":{"line":2,"column":24}},"2":{"start":{"line":3,"column":0},"end":{"line":3,"column":35}},"3":{"start":{"line":4,"column":0},"end":{"line":4,"column":79}},"4":{"start":{"line":5,"column":0},"end":{"line":5,"column":59}},"5":{"start":{"line":6,"column":0},"end":{"line":6,"column":64}},"6":{"start":{"line":8,"column":15},"end":{"line":8,"column":31}},"7":{"start":{"line":10,"column":30},"end":{"line":16,"column":1}},"8":{"start":{"line":11,"column":20},"end":{"line":11,"column":35}},"9":{"start":{"line":12,"column":2},"end":{"line":14,"column":3}},"10":{"start":{"line":13,"column":4},"end":{"line":13,"column":42}},"11":{"start":{"line":13,"column":23},"end":{"line":13,"column":42}},"12":{"start":{"line":15,"column":2},"end":{"line":15,"column":54}},"13":{"start":{"line":18,"column":23},"end":{"line":43,"column":null}},"14":{"start":{"line":20,"column":4},"end":{"line":20,"column":58}},"15":{"start":{"line":20,"column":45},"end":{"line":20,"column":58}},"16":{"start":{"line":21,"column":17},"end":{"line":21,"column":58}},"17":{"start":{"line":22,"column":4},"end":{"line":24,"column":5}},"18":{"start":{"line":23,"column":6},"end":{"line":23,"column":35}},"19":{"start":{"line":25,"column":4},"end":{"line":25,"column":51}},"20":{"start":{"line":25,"column":30},"end":{"line":25,"column":51}},"21":{"start":{"line":26,"column":4},"end":{"line":33,"column":5}},"22":{"start":{"line":27,"column":6},"end":{"line":27,"column":21}},"23":{"start":{"line":28,"column":11},"end":{"line":33,"column":5}},"24":{"start":{"line":29,"column":6},"end":{"line":32,"column":25}},"25":{"start":{"line":31,"column":22},"end":{"line":31,"column":32}},"26":{"start":{"line":34,"column":4},"end":{"line":34,"column":16}},"27":{"start":{"line":46,"column":21},"end":{"line":50,"column":2}},"28":{"start":{"line":52,"column":19},"end":{"line":56,"column":2}},"29":{"start":{"line":55,"column":44},"end":{"line":55,"column":71}},"30":{"start":{"line":58,"column":23},"end":{"line":60,"column":2}},"31":{"start":{"line":62,"column":0},"end":{"line":153,"column":3}},"32":{"start":{"line":63,"column":63},"end":{"line":63,"column":72}},"33":{"start":{"line":64,"column":22},"end":{"line":64,"column":80}},"34":{"start":{"line":65,"column":23},"end":{"line":65,"column":67}},"35":{"start":{"line":67,"column":2},"end":{"line":152,"column":3}},"36":{"start":{"line":68,"column":33},"end":{"line":68,"column":35}},"37":{"start":{"line":69,"column":26},"end":{"line":69,"column":28}},"38":{"start":{"line":70,"column":21},"end":{"line":70,"column":22}},"39":{"start":{"line":72,"column":4},"end":{"line":75,"column":5}},"40":{"start":{"line":73,"column":6},"end":{"line":73,"column":55}},"41":{"start":{"line":74,"column":6},"end":{"line":74,"column":28}},"42":{"start":{"line":76,"column":4},"end":{"line":80,"column":5}},"43":{"start":{"line":77,"column":6},"end":{"line":77,"column":87}},"44":{"start":{"line":78,"column":6},"end":{"line":78,"column":33}},"45":{"start":{"line":79,"column":6},"end":{"line":79,"column":19}},"46":{"start":{"line":82,"column":24},"end":{"line":82,"column":88}},"47":{"start":{"line":84,"column":24},"end":{"line":88,"column":null}},"48":{"start":{"line":90,"column":18},"end":{"line":90,"column":61}},"49":{"start":{"line":92,"column":16},"end":{"line":111,"column":6}},"50":{"start":{"line":113,"column":4},"end":{"line":122,"column":5}},"51":{"start":{"line":115,"column":8},"end":{"line":115,"column":59}},"52":{"start":{"line":116,"column":8},"end":{"line":116,"column":14}},"53":{"start":{"line":118,"column":8},"end":{"line":118,"column":79}},"54":{"start":{"line":119,"column":8},"end":{"line":119,"column":14}},"55":{"start":{"line":121,"column":8},"end":{"line":121,"column":47}},"56":{"start":{"line":124,"column":4},"end":{"line":124,"column":63}},"57":{"start":{"line":125,"column":4},"end":{"line":125,"column":43}},"58":{"start":{"line":127,"column":19},"end":{"line":127,"column":50}},"59":{"start":{"line":128,"column":22},"end":{"line":146,"column":7}},"60":{"start":{"line":128,"column":48},"end":{"line":146,"column":6}},"61":{"start":{"line":148,"column":4},"end":{"line":148,"column":35}},"62":{"start":{"line":150,"column":4},"end":{"line":150,"column":54}},"63":{"start":{"line":151,"column":4},"end":{"line":151,"column":64}},"64":{"start":{"line":155,"column":0},"end":{"line":251,"column":3}},"65":{"start":{"line":156,"column":22},"end":{"line":156,"column":56}},"66":{"start":{"line":157,"column":2},"end":{"line":162,"column":3}},"67":{"start":{"line":158,"column":4},"end":{"line":161,"column":7}},"68":{"start":{"line":164,"column":65},"end":{"line":164,"column":81}},"69":{"start":{"line":165,"column":17},"end":{"line":165,"column":33}},"70":{"start":{"line":167,"column":2},"end":{"line":169,"column":3}},"71":{"start":{"line":168,"column":4},"end":{"line":168,"column":59}},"72":{"start":{"line":171,"column":2},"end":{"line":250,"column":3}},"73":{"start":{"line":172,"column":24},"end":{"line":172,"column":32}},"74":{"start":{"line":173,"column":4},"end":{"line":182,"column":5}},"75":{"start":{"line":174,"column":23},"end":{"line":176,"column":null}},"76":{"start":{"line":178,"column":6},"end":{"line":180,"column":7}},"77":{"start":{"line":179,"column":8},"end":{"line":179,"column":77}},"78":{"start":{"line":181,"column":6},"end":{"line":181,"column":49}},"79":{"start":{"line":184,"column":25},"end":{"line":186,"column":null}},"80":{"start":{"line":189,"column":4},"end":{"line":191,"column":5}},"81":{"start":{"line":190,"column":6},"end":{"line":190,"column":63}},"82":{"start":{"line":193,"column":23},"end":{"line":195,"column":null}},"83":{"start":{"line":197,"column":4},"end":{"line":199,"column":5}},"84":{"start":{"line":198,"column":6},"end":{"line":198,"column":71}},"85":{"start":{"line":201,"column":4},"end":{"line":203,"column":5}},"86":{"start":{"line":202,"column":6},"end":{"line":202,"column":67}},"87":{"start":{"line":205,"column":4},"end":{"line":205,"column":30}},"88":{"start":{"line":207,"column":19},"end":{"line":211,"column":null}},"89":{"start":{"line":214,"column":21},"end":{"line":214,"column":35}},"90":{"start":{"line":216,"column":4},"end":{"line":231,"column":5}},"91":{"start":{"line":217,"column":6},"end":{"line":230,"column":7}},"92":{"start":{"line":218,"column":26},"end":{"line":223,"column":null}},"93":{"start":{"line":226,"column":8},"end":{"line":229,"column":10}},"94":{"start":{"line":233,"column":4},"end":{"line":233,"column":59}},"95":{"start":{"line":234,"column":4},"end":{"line":234,"column":31}},"96":{"start":{"line":236,"column":4},"end":{"line":245,"column":7}},"97":{"start":{"line":247,"column":4},"end":{"line":247,"column":33}},"98":{"start":{"line":248,"column":4},"end":{"line":248,"column":53}},"99":{"start":{"line":249,"column":4},"end":{"line":249,"column":63}},"100":{"start":{"line":253,"column":0},"end":{"line":312,"column":3}},"101":{"start":{"line":254,"column":17},"end":{"line":254,"column":27}},"102":{"start":{"line":256,"column":2},"end":{"line":311,"column":3}},"103":{"start":{"line":257,"column":19},"end":{"line":276,"column":null}},"104":{"start":{"line":279,"column":4},"end":{"line":281,"column":5}},"105":{"start":{"line":280,"column":6},"end":{"line":280,"column":67}},"106":{"start":{"line":283,"column":16},"end":{"line":283,"column":30}},"107":{"start":{"line":284,"column":4},"end":{"line":307,"column":7}},"108":{"start":{"line":309,"column":4},"end":{"line":309,"column":53}},"109":{"start":{"line":310,"column":4},"end":{"line":310,"column":63}},"110":{"start":{"line":314,"column":0},"end":{"line":354,"column":3}},"111":{"start":{"line":315,"column":17},"end":{"line":315,"column":27}},"112":{"start":{"line":317,"column":2},"end":{"line":353,"column":3}},"113":{"start":{"line":318,"column":19},"end":{"line":330,"column":null}},"114":{"start":{"line":333,"column":20},"end":{"line":347,"column":7}},"115":{"start":{"line":333,"column":46},"end":{"line":347,"column":6}},"116":{"start":{"line":349,"column":4},"end":{"line":349,"column":22}},"117":{"start":{"line":351,"column":4},"end":{"line":351,"column":52}},"118":{"start":{"line":352,"column":4},"end":{"line":352,"column":62}},"119":{"start":{"line":356,"column":0},"end":{"line":414,"column":3}},"120":{"start":{"line":357,"column":22},"end":{"line":357,"column":54}},"121":{"start":{"line":358,"column":2},"end":{"line":360,"column":3}},"122":{"start":{"line":359,"column":4},"end":{"line":359,"column":100}},"123":{"start":{"line":362,"column":44},"end":{"line":362,"column":60}},"124":{"start":{"line":363,"column":17},"end":{"line":363,"column":33}},"125":{"start":{"line":365,"column":2},"end":{"line":367,"column":3}},"126":{"start":{"line":366,"column":4},"end":{"line":366,"column":59}},"127":{"start":{"line":369,"column":2},"end":{"line":413,"column":3}},"128":{"start":{"line":370,"column":21},"end":{"line":372,"column":null}},"129":{"start":{"line":375,"column":4},"end":{"line":377,"column":5}},"130":{"start":{"line":376,"column":6},"end":{"line":376,"column":67}},"131":{"start":{"line":379,"column":4},"end":{"line":381,"column":5}},"132":{"start":{"line":380,"column":6},"end":{"line":380,"column":69}},"133":{"start":{"line":383,"column":19},"end":{"line":387,"column":null}},"134":{"start":{"line":390,"column":19},"end":{"line":390,"column":33}},"135":{"start":{"line":391,"column":4},"end":{"line":391,"column":55}},"136":{"start":{"line":393,"column":4},"end":{"line":398,"column":5}},"137":{"start":{"line":394,"column":6},"end":{"line":397,"column":9}},"138":{"start":{"line":400,"column":4},"end":{"line":409,"column":7}},"139":{"start":{"line":411,"column":4},"end":{"line":411,"column":51}},"140":{"start":{"line":412,"column":4},"end":{"line":412,"column":61}},"141":{"start":{"line":416,"column":0},"end":{"line":480,"column":3}},"142":{"start":{"line":417,"column":22},"end":{"line":417,"column":52}},"143":{"start":{"line":418,"column":2},"end":{"line":420,"column":3}},"144":{"start":{"line":419,"column":4},"end":{"line":419,"column":100}},"145":{"start":{"line":422,"column":42},"end":{"line":422,"column":58}},"146":{"start":{"line":423,"column":17},"end":{"line":423,"column":33}},"147":{"start":{"line":425,"column":2},"end":{"line":427,"column":3}},"148":{"start":{"line":426,"column":4},"end":{"line":426,"column":59}},"149":{"start":{"line":429,"column":2},"end":{"line":479,"column":3}},"150":{"start":{"line":430,"column":25},"end":{"line":434,"column":null}},"151":{"start":{"line":437,"column":4},"end":{"line":439,"column":5}},"152":{"start":{"line":438,"column":6},"end":{"line":438,"column":65}},"153":{"start":{"line":441,"column":4},"end":{"line":443,"column":5}},"154":{"start":{"line":442,"column":6},"end":{"line":442,"column":67}},"155":{"start":{"line":447,"column":4},"end":{"line":458,"column":5}},"156":{"start":{"line":448,"column":6},"end":{"line":452,"column":8}},"157":{"start":{"line":454,"column":6},"end":{"line":456,"column":7}},"158":{"start":{"line":455,"column":8},"end":{"line":455,"column":88}},"159":{"start":{"line":457,"column":6},"end":{"line":457,"column":24}},"160":{"start":{"line":460,"column":4},"end":{"line":473,"column":5}},"161":{"start":{"line":461,"column":21},"end":{"line":465,"column":null}},"162":{"start":{"line":467,"column":6},"end":{"line":472,"column":7}},"163":{"start":{"line":468,"column":8},"end":{"line":471,"column":11}},"164":{"start":{"line":475,"column":4},"end":{"line":475,"column":62}},"165":{"start":{"line":477,"column":4},"end":{"line":477,"column":42}},"166":{"start":{"line":478,"column":4},"end":{"line":478,"column":60}},"167":{"start":{"line":484,"column":0},"end":{"line":508,"column":3}},"168":{"start":{"line":485,"column":22},"end":{"line":487,"column":84}},"169":{"start":{"line":488,"column":2},"end":{"line":490,"column":3}},"170":{"start":{"line":489,"column":4},"end":{"line":489,"column":62}},"171":{"start":{"line":492,"column":35},"end":{"line":492,"column":51}},"172":{"start":{"line":493,"column":17},"end":{"line":493,"column":33}},"173":{"start":{"line":494,"column":2},"end":{"line":496,"column":3}},"174":{"start":{"line":495,"column":4},"end":{"line":495,"column":59}},"175":{"start":{"line":498,"column":2},"end":{"line":507,"column":3}},"176":{"start":{"line":499,"column":4},"end":{"line":502,"column":6}},"177":{"start":{"line":503,"column":4},"end":{"line":503,"column":52}},"178":{"start":{"line":505,"column":4},"end":{"line":505,"column":49}},"179":{"start":{"line":506,"column":4},"end":{"line":506,"column":59}},"180":{"start":{"line":510,"column":0},"end":{"line":526,"column":3}},"181":{"start":{"line":511,"column":17},"end":{"line":511,"column":33}},"182":{"start":{"line":512,"column":2},"end":{"line":514,"column":3}},"183":{"start":{"line":513,"column":4},"end":{"line":513,"column":59}},"184":{"start":{"line":516,"column":2},"end":{"line":525,"column":3}},"185":{"start":{"line":517,"column":19},"end":{"line":519,"column":null}},"186":{"start":{"line":521,"column":4},"end":{"line":521,"column":52}},"187":{"start":{"line":523,"column":4},"end":{"line":523,"column":55}},"188":{"start":{"line":524,"column":4},"end":{"line":524,"column":65}},"189":{"start":{"line":528,"column":0},"end":{"line":544,"column":3}},"190":{"start":{"line":529,"column":17},"end":{"line":529,"column":33}},"191":{"start":{"line":530,"column":2},"end":{"line":532,"column":3}},"192":{"start":{"line":531,"column":4},"end":{"line":531,"column":59}},"193":{"start":{"line":534,"column":2},"end":{"line":543,"column":3}},"194":{"start":{"line":535,"column":19},"end":{"line":537,"column":null}},"195":{"start":{"line":539,"column":4},"end":{"line":539,"column":52}},"196":{"start":{"line":541,"column":4},"end":{"line":541,"column":55}},"197":{"start":{"line":542,"column":4},"end":{"line":542,"column":65}},"198":{"start":{"line":546,"column":0},"end":{"line":596,"column":3}},"199":{"start":{"line":547,"column":27},"end":{"line":547,"column":37}},"200":{"start":{"line":548,"column":17},"end":{"line":548,"column":33}},"201":{"start":{"line":550,"column":2},"end":{"line":552,"column":3}},"202":{"start":{"line":551,"column":4},"end":{"line":551,"column":59}},"203":{"start":{"line":554,"column":2},"end":{"line":595,"column":3}},"204":{"start":{"line":555,"column":21},"end":{"line":555,"column":92}},"205":{"start":{"line":556,"column":4},"end":{"line":558,"column":5}},"206":{"start":{"line":557,"column":6},"end":{"line":557,"column":67}},"207":{"start":{"line":560,"column":27},"end":{"line":560,"column":95}},"208":{"start":{"line":561,"column":4},"end":{"line":563,"column":5}},"209":{"start":{"line":562,"column":6},"end":{"line":562,"column":69}},"210":{"start":{"line":565,"column":4},"end":{"line":567,"column":5}},"211":{"start":{"line":566,"column":6},"end":{"line":566,"column":77}},"212":{"start":{"line":569,"column":21},"end":{"line":571,"column":null}},"213":{"start":{"line":573,"column":4},"end":{"line":575,"column":5}},"214":{"start":{"line":574,"column":6},"end":{"line":574,"column":72}},"215":{"start":{"line":577,"column":4},"end":{"line":577,"column":92}},"216":{"start":{"line":578,"column":4},"end":{"line":581,"column":6}},"217":{"start":{"line":583,"column":25},"end":{"line":583,"column":100}},"218":{"start":{"line":584,"column":4},"end":{"line":589,"column":5}},"219":{"start":{"line":585,"column":6},"end":{"line":588,"column":9}},"220":{"start":{"line":591,"column":4},"end":{"line":591,"column":45}},"221":{"start":{"line":593,"column":4},"end":{"line":593,"column":52}},"222":{"start":{"line":594,"column":4},"end":{"line":594,"column":62}},"223":{"start":{"line":598,"column":0},"end":{"line":625,"column":3}},"224":{"start":{"line":599,"column":17},"end":{"line":599,"column":27}},"225":{"start":{"line":600,"column":17},"end":{"line":600,"column":33}},"226":{"start":{"line":602,"column":2},"end":{"line":604,"column":3}},"227":{"start":{"line":603,"column":4},"end":{"line":603,"column":59}},"228":{"start":{"line":606,"column":2},"end":{"line":624,"column":3}},"229":{"start":{"line":607,"column":21},"end":{"line":607,"column":105}},"230":{"start":{"line":608,"column":4},"end":{"line":610,"column":5}},"231":{"start":{"line":609,"column":6},"end":{"line":609,"column":67}},"232":{"start":{"line":612,"column":4},"end":{"line":614,"column":5}},"233":{"start":{"line":613,"column":6},"end":{"line":613,"column":76}},"234":{"start":{"line":616,"column":24},"end":{"line":616,"column":53}},"235":{"start":{"line":617,"column":22},"end":{"line":617,"column":53}},"236":{"start":{"line":619,"column":4},"end":{"line":619,"column":119}},"237":{"start":{"line":620,"column":4},"end":{"line":620,"column":42}},"238":{"start":{"line":622,"column":4},"end":{"line":622,"column":54}},"239":{"start":{"line":623,"column":4},"end":{"line":623,"column":64}},"240":{"start":{"line":627,"column":0},"end":{"line":646,"column":3}},"241":{"start":{"line":628,"column":17},"end":{"line":628,"column":27}},"242":{"start":{"line":630,"column":2},"end":{"line":645,"column":3}},"243":{"start":{"line":631,"column":25},"end":{"line":631,"column":91}},"244":{"start":{"line":632,"column":4},"end":{"line":634,"column":5}},"245":{"start":{"line":633,"column":6},"end":{"line":633,"column":65}},"246":{"start":{"line":636,"column":4},"end":{"line":638,"column":5}},"247":{"start":{"line":637,"column":6},"end":{"line":637,"column":67}},"248":{"start":{"line":640,"column":4},"end":{"line":640,"column":82}},"249":{"start":{"line":641,"column":4},"end":{"line":641,"column":45}},"250":{"start":{"line":643,"column":4},"end":{"line":643,"column":52}},"251":{"start":{"line":644,"column":4},"end":{"line":644,"column":62}},"252":{"start":{"line":648,"column":0},"end":{"line":672,"column":3}},"253":{"start":{"line":649,"column":17},"end":{"line":649,"column":27}},"254":{"start":{"line":650,"column":17},"end":{"line":650,"column":33}},"255":{"start":{"line":652,"column":2},"end":{"line":654,"column":3}},"256":{"start":{"line":653,"column":4},"end":{"line":653,"column":59}},"257":{"start":{"line":656,"column":2},"end":{"line":671,"column":3}},"258":{"start":{"line":657,"column":21},"end":{"line":657,"column":92}},"259":{"start":{"line":658,"column":4},"end":{"line":660,"column":5}},"260":{"start":{"line":659,"column":6},"end":{"line":659,"column":67}},"261":{"start":{"line":662,"column":4},"end":{"line":664,"column":5}},"262":{"start":{"line":663,"column":6},"end":{"line":663,"column":73}},"263":{"start":{"line":666,"column":4},"end":{"line":666,"column":66}},"264":{"start":{"line":667,"column":4},"end":{"line":667,"column":46}},"265":{"start":{"line":669,"column":4},"end":{"line":669,"column":53}},"266":{"start":{"line":670,"column":4},"end":{"line":670,"column":63}},"267":{"start":{"line":674,"column":0},"end":{"line":698,"column":3}},"268":{"start":{"line":675,"column":17},"end":{"line":675,"column":27}},"269":{"start":{"line":676,"column":17},"end":{"line":676,"column":33}},"270":{"start":{"line":678,"column":2},"end":{"line":680,"column":3}},"271":{"start":{"line":679,"column":4},"end":{"line":679,"column":59}},"272":{"start":{"line":682,"column":2},"end":{"line":697,"column":3}},"273":{"start":{"line":683,"column":19},"end":{"line":683,"column":88}},"274":{"start":{"line":684,"column":4},"end":{"line":686,"column":5}},"275":{"start":{"line":685,"column":6},"end":{"line":685,"column":65}},"276":{"start":{"line":688,"column":4},"end":{"line":690,"column":5}},"277":{"start":{"line":689,"column":6},"end":{"line":689,"column":73}},"278":{"start":{"line":692,"column":4},"end":{"line":692,"column":64}},"279":{"start":{"line":693,"column":4},"end":{"line":693,"column":44}},"280":{"start":{"line":695,"column":4},"end":{"line":695,"column":51}},"281":{"start":{"line":696,"column":4},"end":{"line":696,"column":61}},"282":{"start":{"line":700,"column":0},"end":{"line":724,"column":3}},"283":{"start":{"line":701,"column":22},"end":{"line":701,"column":56}},"284":{"start":{"line":702,"column":2},"end":{"line":704,"column":3}},"285":{"start":{"line":703,"column":4},"end":{"line":703,"column":100}},"286":{"start":{"line":706,"column":17},"end":{"line":706,"column":33}},"287":{"start":{"line":707,"column":2},"end":{"line":709,"column":3}},"288":{"start":{"line":708,"column":4},"end":{"line":708,"column":59}},"289":{"start":{"line":711,"column":2},"end":{"line":723,"column":3}},"290":{"start":{"line":712,"column":4},"end":{"line":715,"column":6}},"291":{"start":{"line":716,"column":4},"end":{"line":716,"column":52}},"292":{"start":{"line":718,"column":4},"end":{"line":720,"column":5}},"293":{"start":{"line":719,"column":6},"end":{"line":719,"column":67}},"294":{"start":{"line":721,"column":4},"end":{"line":721,"column":47}},"295":{"start":{"line":722,"column":4},"end":{"line":722,"column":57}},"296":{"start":{"line":726,"column":0},"end":{"line":739,"column":3}},"297":{"start":{"line":727,"column":17},"end":{"line":727,"column":33}},"298":{"start":{"line":728,"column":2},"end":{"line":730,"column":3}},"299":{"start":{"line":729,"column":4},"end":{"line":729,"column":59}},"300":{"start":{"line":732,"column":2},"end":{"line":738,"column":3}},"301":{"start":{"line":733,"column":4},"end":{"line":733,"column":119}},"302":{"start":{"line":734,"column":4},"end":{"line":734,"column":46}},"303":{"start":{"line":736,"column":4},"end":{"line":736,"column":53}},"304":{"start":{"line":737,"column":4},"end":{"line":737,"column":63}},"305":{"start":{"line":741,"column":0},"end":{"line":741,"column":22}}},"fnMap":{"0":{"name":"(anonymous_1)","decl":{"start":{"line":10,"column":30},"end":{"line":10,"column":31}},"loc":{"start":{"line":10,"column":52},"end":{"line":16,"column":1}}},"1":{"name":"(anonymous_2)","decl":{"start":{"line":19,"column":2},"end":{"line":19,"column":3}},"loc":{"start":{"line":19,"column":12},"end":{"line":35,"column":3}}},"2":{"name":"(anonymous_3)","decl":{"start":{"line":31,"column":13},"end":{"line":31,"column":14}},"loc":{"start":{"line":31,"column":22},"end":{"line":31,"column":32}}},"3":{"name":"(anonymous_4)","decl":{"start":{"line":55,"column":33},"end":{"line":55,"column":34}},"loc":{"start":{"line":55,"column":44},"end":{"line":55,"column":71}}},"4":{"name":"(anonymous_5)","decl":{"start":{"line":62,"column":39},"end":{"line":62,"column":44}},"loc":{"start":{"line":62,"column":71},"end":{"line":153,"column":1}}},"5":{"name":"(anonymous_6)","decl":{"start":{"line":128,"column":38},"end":{"line":128,"column":39}},"loc":{"start":{"line":128,"column":48},"end":{"line":146,"column":6}}},"6":{"name":"(anonymous_7)","decl":{"start":{"line":155,"column":40},"end":{"line":155,"column":45}},"loc":{"start":{"line":155,"column":72},"end":{"line":251,"column":1}}},"7":{"name":"(anonymous_8)","decl":{"start":{"line":253,"column":43},"end":{"line":253,"column":48}},"loc":{"start":{"line":253,"column":75},"end":{"line":312,"column":1}}},"8":{"name":"(anonymous_9)","decl":{"start":{"line":314,"column":51},"end":{"line":314,"column":56}},"loc":{"start":{"line":314,"column":83},"end":{"line":354,"column":1}}},"9":{"name":"(anonymous_10)","decl":{"start":{"line":333,"column":36},"end":{"line":333,"column":37}},"loc":{"start":{"line":333,"column":46},"end":{"line":347,"column":6}}},"10":{"name":"(anonymous_11)","decl":{"start":{"line":356,"column":38},"end":{"line":356,"column":43}},"loc":{"start":{"line":356,"column":70},"end":{"line":414,"column":1}}},"11":{"name":"(anonymous_12)","decl":{"start":{"line":416,"column":36},"end":{"line":416,"column":41}},"loc":{"start":{"line":416,"column":68},"end":{"line":480,"column":1}}},"12":{"name":"(anonymous_13)","decl":{"start":{"line":484,"column":60},"end":{"line":484,"column":65}},"loc":{"start":{"line":484,"column":92},"end":{"line":508,"column":1}}},"13":{"name":"(anonymous_14)","decl":{"start":{"line":510,"column":55},"end":{"line":510,"column":60}},"loc":{"start":{"line":510,"column":87},"end":{"line":526,"column":1}}},"14":{"name":"(anonymous_15)","decl":{"start":{"line":528,"column":53},"end":{"line":528,"column":58}},"loc":{"start":{"line":528,"column":85},"end":{"line":544,"column":1}}},"15":{"name":"(anonymous_16)","decl":{"start":{"line":546,"column":69},"end":{"line":546,"column":74}},"loc":{"start":{"line":546,"column":101},"end":{"line":596,"column":1}}},"16":{"name":"(anonymous_17)","decl":{"start":{"line":598,"column":53},"end":{"line":598,"column":58}},"loc":{"start":{"line":598,"column":85},"end":{"line":625,"column":1}}},"17":{"name":"(anonymous_18)","decl":{"start":{"line":627,"column":74},"end":{"line":627,"column":79}},"loc":{"start":{"line":627,"column":106},"end":{"line":646,"column":1}}},"18":{"name":"(anonymous_19)","decl":{"start":{"line":648,"column":46},"end":{"line":648,"column":51}},"loc":{"start":{"line":648,"column":78},"end":{"line":672,"column":1}}},"19":{"name":"(anonymous_20)","decl":{"start":{"line":674,"column":44},"end":{"line":674,"column":49}},"loc":{"start":{"line":674,"column":76},"end":{"line":698,"column":1}}},"20":{"name":"(anonymous_21)","decl":{"start":{"line":700,"column":40},"end":{"line":700,"column":45}},"loc":{"start":{"line":700,"column":72},"end":{"line":724,"column":1}}},"21":{"name":"(anonymous_22)","decl":{"start":{"line":726,"column":64},"end":{"line":726,"column":69}},"loc":{"start":{"line":726,"column":96},"end":{"line":739,"column":1}}}},"branchMap":{"0":{"loc":{"start":{"line":13,"column":4},"end":{"line":13,"column":42}},"type":"if","locations":[{"start":{"line":13,"column":4},"end":{"line":13,"column":42}},{"start":{},"end":{}}]},"1":{"loc":{"start":{"line":15,"column":9},"end":{"line":15,"column":53}},"type":"binary-expr","locations":[{"start":{"line":15,"column":9},"end":{"line":15,"column":32}},{"start":{"line":15,"column":36},"end":{"line":15,"column":53}}]},"2":{"loc":{"start":{"line":20,"column":4},"end":{"line":20,"column":58}},"type":"if","locations":[{"start":{"line":20,"column":4},"end":{"line":20,"column":58}},{"start":{},"end":{}}]},"3":{"loc":{"start":{"line":20,"column":8},"end":{"line":20,"column":43}},"type":"binary-expr","locations":[{"start":{"line":20,"column":8},"end":{"line":20,"column":14}},{"start":{"line":20,"column":18},"end":{"line":20,"column":43}}]},"4":{"loc":{"start":{"line":22,"column":4},"end":{"line":24,"column":5}},"type":"if","locations":[{"start":{"line":22,"column":4},"end":{"line":24,"column":5}},{"start":{},"end":{}}]},"5":{"loc":{"start":{"line":22,"column":8},"end":{"line":22,"column":77}},"type":"binary-expr","locations":[{"start":{"line":22,"column":8},"end":{"line":22,"column":37}},{"start":{"line":22,"column":41},"end":{"line":22,"column":77}}]},"6":{"loc":{"start":{"line":25,"column":4},"end":{"line":25,"column":51}},"type":"if","locations":[{"start":{"line":25,"column":4},"end":{"line":25,"column":51}},{"start":{},"end":{}}]},"7":{"loc":{"start":{"line":26,"column":4},"end":{"line":33,"column":5}},"type":"if","locations":[{"start":{"line":26,"column":4},"end":{"line":33,"column":5}},{"start":{"line":28,"column":11},"end":{"line":33,"column":5}}]},"8":{"loc":{"start":{"line":28,"column":11},"end":{"line":33,"column":5}},"type":"if","locations":[{"start":{"line":28,"column":11},"end":{"line":33,"column":5}},{"start":{},"end":{}}]},"9":{"loc":{"start":{"line":55,"column":44},"end":{"line":55,"column":71}},"type":"binary-expr","locations":[{"start":{"line":55,"column":44},"end":{"line":55,"column":55}},{"start":{"line":55,"column":59},"end":{"line":55,"column":71}}]},"10":{"loc":{"start":{"line":63,"column":20},"end":{"line":63,"column":35}},"type":"default-arg","locations":[{"start":{"line":63,"column":27},"end":{"line":63,"column":35}}]},"11":{"loc":{"start":{"line":64,"column":43},"end":{"line":64,"column":74}},"type":"binary-expr","locations":[{"start":{"line":64,"column":43},"end":{"line":64,"column":68}},{"start":{"line":64,"column":72},"end":{"line":64,"column":74}}]},"12":{"loc":{"start":{"line":65,"column":35},"end":{"line":65,"column":66}},"type":"binary-expr","locations":[{"start":{"line":65,"column":35},"end":{"line":65,"column":61}},{"start":{"line":65,"column":65},"end":{"line":65,"column":66}}]},"13":{"loc":{"start":{"line":72,"column":4},"end":{"line":75,"column":5}},"type":"if","locations":[{"start":{"line":72,"column":4},"end":{"line":75,"column":5}},{"start":{},"end":{}}]},"14":{"loc":{"start":{"line":76,"column":4},"end":{"line":80,"column":5}},"type":"if","locations":[{"start":{"line":76,"column":4},"end":{"line":80,"column":5}},{"start":{},"end":{}}]},"15":{"loc":{"start":{"line":82,"column":24},"end":{"line":82,"column":88}},"type":"cond-expr","locations":[{"start":{"line":82,"column":48},"end":{"line":82,"column":83}},{"start":{"line":82,"column":86},"end":{"line":82,"column":88}}]},"16":{"loc":{"start":{"line":90,"column":27},"end":{"line":90,"column":60}},"type":"binary-expr","locations":[{"start":{"line":90,"column":27},"end":{"line":90,"column":53}},{"start":{"line":90,"column":57},"end":{"line":90,"column":60}}]},"17":{"loc":{"start":{"line":113,"column":4},"end":{"line":122,"column":5}},"type":"switch","locations":[{"start":{"line":114,"column":6},"end":{"line":116,"column":14}},{"start":{"line":117,"column":6},"end":{"line":119,"column":14}},{"start":{"line":120,"column":6},"end":{"line":121,"column":47}}]},"18":{"loc":{"start":{"line":133,"column":12},"end":{"line":133,"column":26}},"type":"binary-expr","locations":[{"start":{"line":133,"column":12},"end":{"line":133,"column":20}},{"start":{"line":133,"column":24},"end":{"line":133,"column":26}}]},"19":{"loc":{"start":{"line":136,"column":12},"end":{"line":136,"column":51}},"type":"cond-expr","locations":[{"start":{"line":136,"column":31},"end":{"line":136,"column":35}},{"start":{"line":136,"column":38},"end":{"line":136,"column":51}}]},"20":{"loc":{"start":{"line":137,"column":14},"end":{"line":137,"column":62}},"type":"cond-expr","locations":[{"start":{"line":137,"column":33},"end":{"line":137,"column":44}},{"start":{"line":137,"column":47},"end":{"line":137,"column":62}}]},"21":{"loc":{"start":{"line":139,"column":20},"end":{"line":139,"column":46}},"type":"binary-expr","locations":[{"start":{"line":139,"column":20},"end":{"line":139,"column":41}},{"start":{"line":139,"column":45},"end":{"line":139,"column":46}}]},"22":{"loc":{"start":{"line":141,"column":13},"end":{"line":141,"column":37}},"type":"binary-expr","locations":[{"start":{"line":141,"column":13},"end":{"line":141,"column":32}},{"start":{"line":141,"column":36},"end":{"line":141,"column":37}}]},"23":{"loc":{"start":{"line":142,"column":19},"end":{"line":142,"column":50}},"type":"binary-expr","locations":[{"start":{"line":142,"column":19},"end":{"line":142,"column":45}},{"start":{"line":142,"column":49},"end":{"line":142,"column":50}}]},"24":{"loc":{"start":{"line":145,"column":18},"end":{"line":145,"column":42}},"type":"binary-expr","locations":[{"start":{"line":145,"column":18},"end":{"line":145,"column":33}},{"start":{"line":145,"column":37},"end":{"line":145,"column":42}}]},"25":{"loc":{"start":{"line":157,"column":2},"end":{"line":162,"column":3}},"type":"if","locations":[{"st
[...]
mn":4},"end":{"line":246,"column":5}},{"start":{},"end":{}}]},"16":{"loc":{"start":{"line":254,"column":4},"end":{"line":256,"column":5}},"type":"if","locations":[{"start":{"line":254,"column":4},"end":{"line":256,"column":5}},{"start":{},"end":{}}]},"17":{"loc":{"start":{"line":281,"column":2},"end":{"line":281,"column":39}},"type":"if","locations":[{"start":{"line":281,"column":2},"end":{"line":281,"column":39}},{"start":{},"end":{}}]},"18":{"loc":{"start":{"line":293,"column":2},"end":{"line":295,"column":3}},"type":"if","locations":[{"start":{"line":293,"column":2},"end":{"line":295,"column":3}},{"start":{},"end":{}}]},"19":{"loc":{"start":{"line":316,"column":2},"end":{"line":318,"column":3}},"type":"if","locations":[{"start":{"line":316,"column":2},"end":{"line":318,"column":3}},{"start":{},"end":{}}]}},"s":{"0":2,"1":2,"2":2,"3":2,"4":2,"5":2,"6":2,"7":2,"8":2,"9":2,"10":2,"11":2,"12":2,"13":2,"14":2,"15":2,"16":2,"17":2,"18":2,"19":2,"20":4,"21":2,"22":2,"23":2,"24":2,"25":2,"26":2,"27":0,"28":2,"29":2,"30":5,"31":5,"32":1,"33":4,"34":4,"35":1,"36":3,"37":3,"38":2,"39":1,"40":1,"41":1,"42":1,"43":1,"44":1,"45":1,"46":1,"47":1,"48":1,"49":1,"50":1,"51":1,"52":1,"53":1,"54":1,"55":1,"56":2,"57":4,"58":4,"59":0,"60":4,"61":4,"62":4,"63":4,"64":1,"65":3,"66":3,"67":1,"68":2,"69":2,"70":1,"71":1,"72":1,"73":1,"74":1,"75":1,"76":1,"77":1,"78":1,"79":1,"80":1,"81":1,"82":1,"83":0,"84":0,"85":2,"86":1,"87":1,"88":1,"89":0,"90":1,"91":1,"92":0,"93":0,"94":2,"95":2,"96":2,"97":2,"98":0,"99":2,"100":2,"101":1,"102":1,"103":1,"104":0,"105":0,"106":2,"107":1,"108":1,"109":1,"110":0,"111":2,"112":1,"113":1,"114":0,"115":1,"116":1,"117":1,"118":1,"119":0,"120":0,"121":2,"122":1,"123":1,"124":0,"125":1,"126":1,"127":1,"128":0,"129":0,"130":2,"131":2,"132":2,"133":2,"134":2,"135":2,"136":2,"137":2},"f":{"0":4,"1":2,"2":2,"3":5,"4":4,"5":1,"6":1,"7":2,"8":1,"9":1,"10":1},"b":{"0":[0,2],"1":[1,4],"2":[1,3],"3":[1,1],"4":[1,1],"5":[1,1],"6":[1,0],"7":[0,4],"8":[1,3],"9":[1,2],"10":[3,1],"11":[1,1],"12":[1,1],"13":[0,1],"14":[0,1],"15":[0,2],"16":[1,1],"17":[1,0],"18":[0,1],"19":[0,1]}}
,"C:\\UniQueryProject\\UniQuery\\server\\src\\services\\anonymity.ts": {"path":"C:\\UniQueryProject\\UniQuery\\server\\src\\services\\anonymity.ts","statementMap":{"0":{"start":{"line":1,"column":0},"end":{"line":1,"column":28}},"1":{"start":{"line":2,"column":0},"end":{"line":2,"column":35}},"2":{"start":{"line":3,"column":0},"end":{"line":3,"column":62}},"3":{"start":{"line":5,"column":24},"end":{"line":16,"column":2}},"4":{"start":{"line":18,"column":19},"end":{"line":29,"column":2}},"5":{"start":{"line":31,"column":19},"end":{"line":31,"column":58}},"6":{"start":{"line":32,"column":21},"end":{"line":32,"column":59}},"7":{"start":{"line":34,"column":18},"end":{"line":43,"column":1}},"8":{"start":{"line":35,"column":2},"end":{"line":37,"column":3}},"9":{"start":{"line":36,"column":4},"end":{"line":36,"column":56}},"10":{"start":{"line":38,"column":18},"end":{"line":38,"column":30}},"11":{"start":{"line":39,"column":2},"end":{"line":41,"column":3}},"12":{"start":{"line":40,"column":4},"end":{"line":40,"column":39}},"13":{"start":{"line":42,"column":2},"end":{"line":42,"column":40}},"14":{"start":{"line":45,"column":18},"end":{"line":45,"column":41}},"15":{"start":{"line":47,"column":19},"end":{"line":53,"column":1}},"16":{"start":{"line":48,"column":13},"end":{"line":48,"column":35}},"17":{"start":{"line":49,"column":17},"end":{"line":49,"column":62}},"18":{"start":{"line":50,"column":20},"end":{"line":50,"column":77}},"19":{"start":{"line":51,"column":18},"end":{"line":51,"column":37}},"20":{"start":{"line":52,"column":2},"end":{"line":52,"column":49}},"21":{"start":{"line":55,"column":19},"end":{"line":62,"column":1}},"22":{"start":{"line":56,"column":13},"end":{"line":56,"column":36}},"23":{"start":{"line":57,"column":18},"end":{"line":57,"column":42}},"24":{"start":{"line":58,"column":21},"end":{"line":58,"column":41}},"25":{"start":{"line":59,"column":19},"end":{"line":59,"column":66}},"26":{"start":{"line":60,"column":2},"end":{"line":60,"column":31}},"27":{"start":{"line":61,"column":2},"end":{"line":61,"column":72}},"28":{"start":{"line":64,"column":19},"end":{"line":69,"column":1}},"29":{"start":{"line":65,"column":2},"end":{"line":68,"column":19}},"30":{"start":{"line":71,"column":29},"end":{"line":90,"column":1}},"31":{"start":{"line":72,"column":15},"end":{"line":72,"column":83}},"32":{"start":{"line":73,"column":14},"end":{"line":73,"column":63}},"33":{"start":{"line":74,"column":15},"end":{"line":74,"column":54}},"34":{"start":{"line":75,"column":14},"end":{"line":75,"column":30}},"35":{"start":{"line":77,"column":19},"end":{"line":79,"column":null}},"36":{"start":{"line":81,"column":22},"end":{"line":81,"column":81}},"37":{"start":{"line":81,"column":57},"end":{"line":81,"column":79}},"38":{"start":{"line":83,"column":15},"end":{"line":83,"column":16}},"39":{"start":{"line":84,"column":2},"end":{"line":87,"column":3}},"40":{"start":{"line":85,"column":4},"end":{"line":85,"column":16}},"41":{"start":{"line":86,"column":4},"end":{"line":86,"column":39}},"42":{"start":{"line":89,"column":2},"end":{"line":89,"column":15}},"43":{"start":{"line":71,"column":13},"end":{"line":71,"column":29}},"44":{"start":{"line":92,"column":31},"end":{"line":108,"column":1}},"45":{"start":{"line":97,"column":14},"end":{"line":97,"column":36}},"46":{"start":{"line":98,"column":26},"end":{"line":98,"column":70}},"47":{"start":{"line":99,"column":21},"end":{"line":99,"column":47}},"48":{"start":{"line":100,"column":20},"end":{"line":100,"column":60}},"49":{"start":{"line":101,"column":23},"end":{"line":101,"column":41}},"50":{"start":{"line":103,"column":2},"end":{"line":107,"column":4}},"51":{"start":{"line":92,"column":13},"end":{"line":92,"column":31}},"52":{"start":{"line":110,"column":31},"end":{"line":153,"column":1}},"53":{"start":{"line":115,"column":2},"end":{"line":122,"column":3}},"54":{"start":{"line":116,"column":4},"end":{"line":120,"column":6}},"55":{"start":{"line":121,"column":4},"end":{"line":121,"column":42}},"56":{"start":{"line":124,"column":2},"end":{"line":128,"column":4}},"57":{"start":{"line":130,"column":17},"end":{"line":132,"column":null}},"58":{"start":{"line":135,"column":2},"end":{"line":137,"column":3}},"59":{"start":{"line":136,"column":4},"end":{"line":136,"column":49}},"60":{"start":{"line":139,"column":14},"end":{"line":139,"column":28}},"61":{"start":{"line":140,"column":20},"end":{"line":140,"column":45}},"62":{"start":{"line":141,"column":2},"end":{"line":143,"column":3}},"63":{"start":{"line":142,"column":4},"end":{"line":142,"column":51}},"64":{"start":{"line":145,"column":21},"end":{"line":145,"column":75}},"65":{"start":{"line":146,"column":14},"end":{"line":146,"column":47}},"66":{"start":{"line":147,"column":20},"end":{"line":147,"column":58}},"67":{"start":{"line":148,"column":17},"end":{"line":148,"column":43}},"68":{"start":{"line":150,"column":2},"end":{"line":150,"column":39}},"69":{"start":{"line":152,"column":2},"end":{"line":152,"column":16}},"70":{"start":{"line":110,"column":13},"end":{"line":110,"column":31}},"71":{"start":{"line":155,"column":37},"end":{"line":168,"column":1}},"72":{"start":{"line":156,"column":17},"end":{"line":162,"column":null}},"73":{"start":{"line":165,"column":2},"end":{"line":167,"column":3}},"74":{"start":{"line":166,"column":4},"end":{"line":166,"column":69}},"75":{"start":{"line":155,"column":13},"end":{"line":155,"column":37}}},"fnMap":{"0":{"name":"(anonymous_1)","decl":{"start":{"line":34,"column":18},"end":{"line":34,"column":19}},"loc":{"start":{"line":34,"column":36},"end":{"line":43,"column":1}}},"1":{"name":"(anonymous_2)","decl":{"start":{"line":47,"column":19},"end":{"line":47,"column":20}},"loc":{"start":{"line":47,"column":54},"end":{"line":53,"column":1}}},"2":{"name":"(anonymous_3)","decl":{"start":{"line":55,"column":19},"end":{"line":55,"column":20}},"loc":{"start":{"line":55,"column":52},"end":{"line":62,"column":1}}},"3":{"name":"(anonymous_4)","decl":{"start":{"line":64,"column":19},"end":{"line":64,"column":20}},"loc":{"start":{"line":64,"column":38},"end":{"line":69,"column":1}}},"4":{"name":"(anonymous_5)","decl":{"start":{"line":71,"column":29},"end":{"line":71,"column":34}},"loc":{"start":{"line":71,"column":72},"end":{"line":90,"column":1}}},"5":{"name":"(anonymous_6)","decl":{"start":{"line":81,"column":48},"end":{"line":81,"column":49}},"loc":{"start":{"line":81,"column":57},"end":{"line":81,"column":79}}},"6":{"name":"(anonymous_7)","decl":{"start":{"line":92,"column":31},"end":{"line":92,"column":36}},"loc":{"start":{"line":96,"column":4},"end":{"line":108,"column":1}}},"7":{"name":"(anonymous_8)","decl":{"start":{"line":110,"column":31},"end":{"line":110,"column":36}},"loc":{"start":{"line":114,"column":4},"end":{"line":153,"column":1}}},"8":{"name":"(anonymous_9)","decl":{"start":{"line":155,"column":37},"end":{"line":155,"column":42}},"loc":{"start":{"line":155,"column":63},"end":{"line":168,"column":1}}}},"branchMap":{"0":{"loc":{"start":{"line":31,"column":19},"end":{"line":31,"column":58}},"type":"binary-expr","locations":[{"start":{"line":31,"column":19},"end":{"line":31,"column":52}},{"start":{"line":31,"column":56},"end":{"line":31,"column":58}}]},"1":{"loc":{"start":{"line":32,"column":21},"end":{"line":32,"column":59}},"type":"binary-expr","locations":[{"start":{"line":32,"column":21},"end":{"line":32,"column":53}},{"start":{"line":32,"column":57},"end":{"line":32,"column":59}}]},"2":{"loc":{"start":{"line":35,"column":2},"end":{"line":37,"column":3}},"type":"if","locations":[{"start":{"line":35,"column":2},"end":{"line":37,"column":3}},{"start":{},"end":{}}]},"3":{"loc":{"start":{"line":39,"column":2},"end":{"line":41,"column":3}},"type":"if","locations":[{"start":{"line":39,"column":2},"end":{"line":41,"column":3}},{"start":{},"end":{}}]},"4":{"loc":{"start":{"line":115,"column":2},"end":{"line":122,"column":3}},"type":"if","locations":[{"start":{"line":115,"column":2},"end":{"line":122,"column":3}},{"start":{},"end":{}}]},"5":{"loc":{"start":{"line":135,"column":2},"end":{"line":137,"column":3}},"type":"if","locations":[{"start":{"line":135,"column":2},"end":{"line":137,"column":3}},{"start":{},"end":{}}]},"6":{"loc":{"start":{"line":141,"column":2},"end":{"line":143,"column":3}},"type":"if","locations":[{"start":{"line":141,"column":2},"end":{"line":143,"column":3}},{"start":{},"end":{}}]},"7":{"loc":{"start":{"line":165,"column":2},"end":{"line":167,"column":3}},"type":"if","locations":[{"start":{"line":165,"column":2},"end":{"line":167,"column":3}},{"start":{},"end":{}}]},"8":{"loc":{"start":{"line":165,"column":7},"end":{"line":165,"column":33}},"type":"binary-expr","locations":[{"start":{"line":165,"column":7},"end":{"line":165,"column":28}},{"start":{"line":165,"column":32},"end":{"line":165,"column":33}}]}},"s":{"0":3,"1":3,"2":3,"3":3,"4":3,"5":3,"6":3,"7":3,"8":3,"9":0,"10":3,"11":3,"12":3,"13":0,"14":3,"15":3,"16":2,"17":2,"18":2,"19":2,"20":2,"21":3,"22":2,"23":2,"24":2,"25":2,"26":2,"27":2,"28":3,"29":1,"30":3,"31":3,"32":3,"33":3,"34":3,"35":3,"36":3,"37":1,"38":3,"39":3,"40":1,"41":1,"42":3,"43":3,"44":3,"45":1,"46":1,"47":1,"48":1,"49":1,"50":1,"51":3,"52":3,"53":4,"54":1,"55":1,"56":3,"57":3,"58":3,"59":1,"60":2,"61":2,"62":2,"63":1,"64":1,"65":1,"66":1,"67":1,"68":1,"69":1,"70":3,"71":3,"72":3,"73":3,"74":1,"75":3},"f":{"0":3,"1":2,"2":2,"3":1,"4":3,"5":1,"6":1,"7":4,"8":3},"b":{"0":[3,0],"1":[3,0],"2":[0,3],"3":[3,0],"4":[1,3],"5":[1,2],"6":[1,1],"7":[1,2],"8":[3,0]}}
,"C:\\UniQueryProject\\UniQuery\\server\\src\\services\\digest-cron.ts": {"path":"C:\\UniQueryProject\\UniQuery\\server\\src\\services\\digest-cron.ts","statementMap":{"0":{"start":{"line":1,"column":0},"end":{"line":1,"column":29}},"1":{"start":{"line":2,"column":0},"end":{"line":2,"column":47}},"2":{"start":{"line":4,"column":31},"end":{"line":15,"column":1}},"3":{"start":{"line":6,"column":2},"end":{"line":12,"column":5}},"4":{"start":{"line":7,"column":4},"end":{"line":11,"column":5}},"5":{"start":{"line":8,"column":6},"end":{"line":8,"column":31}},"6":{"start":{"line":10,"column":6},"end":{"line":10,"column":50}},"7":{"start":{"line":14,"column":2},"end":{"line":14,"column":51}},"8":{"start":{"line":4,"column":13},"end":{"line":4,"column":31}}},"fnMap":{"0":{"name":"(anonymous_1)","decl":{"start":{"line":4,"column":31},"end":{"line":4,"column":34}},"loc":{"start":{"line":4,"column":36},"end":{"line":15,"column":1}}},"1":{"name":"(anonymous_2)","decl":{"start":{"line":6,"column":29},"end":{"line":6,"column":34}},"loc":{"start":{"line":6,"column":40},"end":{"line":12,"column":3}}}},"branchMap":{},"s":{"0":2,"1":2,"2":2,"3":2,"4":1,"5":1,"6":0,"7":2,"8":2},"f":{"0":2,"1":1},"b":{}}
,"C:\\UniQueryProject\\UniQuery\\server\\src\\services\\digest.ts": {"path":"C:\\UniQueryProject\\UniQuery\\server\\src\\services\\digest.ts","statementMap":{"0":{"start":{"line":1,"column":0},"end":{"line":1,"column":36}},"1":{"start":{"line":2,"column":0},"end":{"line":2,"column":35}},"2":{"start":{"line":4,"column":17},"end":{"line":4,"column":38}},"3":{"start":{"line":5,"column":17},"end":{"line":5,"column":61}},"4":{"start":{"line":6,"column":17},"end":{"line":6,"column":38}},"5":{"start":{"line":7,"column":17},"end":{"line":7,"column":38}},"6":{"start":{"line":8,"column":17},"end":{"line":8,"column":66}},"7":{"start":{"line":10,"column":23},"end":{"line":24,"column":1}},"8":{"start":{"line":11,"column":2},"end":{"line":13,"column":3}},"9":{"start":{"line":12,"column":4},"end":{"line":12,"column":16}},"10":{"start":{"line":15,"column":2},"end":{"line":23,"column":5}},"11":{"start":{"line":26,"column":32},"end":{"line":76,"column":1}},"12":{"start":{"line":27,"column":22},"end":{"line":27,"column":38}},"13":{"start":{"line":28,"column":2},"end":{"line":31,"column":3}},"14":{"start":{"line":29,"column":4},"end":{"line":29,"column":56}},"15":{"start":{"line":30,"column":4},"end":{"line":30,"column":11}},"16":{"start":{"line":33,"column":17},"end":{"line":38,"column":null}},"17":{"start":{"line":41,"column":2},"end":{"line":43,"column":3}},"18":{"start":{"line":42,"column":4},"end":{"line":42,"column":11}},"19":{"start":{"line":45,"column":80},"end":{"line":45,"column":82}},"20":{"start":{"line":46,"column":2},"end":{"line":51,"column":3}},"21":{"start":{"line":47,"column":4},"end":{"line":49,"column":5}},"22":{"start":{"line":48,"column":6},"end":{"line":48,"column":80}},"23":{"start":{"line":50,"column":4},"end":{"line":50,"column":46}},"24":{"start":{"line":53,"column":2},"end":{"line":75,"column":3}},"25":{"start":{"line":54,"column":18},"end":{"line":57,"column":6}},"26":{"start":{"line":55,"column":22},"end":{"line":55,"column":50}},"27":{"start":{"line":56,"column":6},"end":{"line":56,"column":63}},"28":{"start":{"line":59,"column":4},"end":{"line":64,"column":7}},"29":{"start":{"line":66,"column":16},"end":{"line":66,"column":55}},"30":{"start":{"line":66,"column":47},"end":{"line":66,"column":54}},"31":{"start":{"line":67,"column":4},"end":{"line":72,"column":6}},"32":{"start":{"line":74,"column":4},"end":{"line":74,"column":66}},"33":{"start":{"line":26,"column":13},"end":{"line":26,"column":32}}},"fnMap":{"0":{"name":"(anonymous_1)","decl":{"start":{"line":10,"column":23},"end":{"line":10,"column":26}},"loc":{"start":{"line":10,"column":28},"end":{"line":24,"column":1}}},"1":{"name":"(anonymous_2)","decl":{"start":{"line":26,"column":32},"end":{"line":26,"column":37}},"loc":{"start":{"line":26,"column":43},"end":{"line":76,"column":1}}},"2":{"name":"(anonymous_3)","decl":{"start":{"line":54,"column":34},"end":{"line":54,"column":35}},"loc":{"start":{"line":54,"column":48},"end":{"line":57,"column":5}}},"3":{"name":"(anonymous_4)","decl":{"start":{"line":66,"column":32},"end":{"line":66,"column":33}},"loc":{"start":{"line":66,"column":47},"end":{"line":66,"column":54}}}},"branchMap":{"0":{"loc":{"start":{"line":5,"column":26},"end":{"line":5,"column":56}},"type":"binary-expr","locations":[{"start":{"line":5,"column":26},"end":{"line":5,"column":47}},{"start":{"line":5,"column":51},"end":{"line":5,"column":56}}]},"1":{"loc":{"start":{"line":8,"column":17},"end":{"line":8,"column":66}},"type":"binary-expr","locations":[{"start":{"line":8,"column":17},"end":{"line":8,"column":38}},{"start":{"line":8,"column":42},"end":{"line":8,"column":66}}]},"2":{"loc":{"start":{"line":11,"column":2},"end":{"line":13,"column":3}},"type":"if","locations":[{"start":{"line":11,"column":2},"end":{"line":13,"column":3}},{"start":{},"end":{}}]},"3":{"loc":{"start":{"line":11,"column":6},"end":{"line":11,"column":41}},"type":"binary-expr","locations":[{"start":{"line":11,"column":6},"end":{"line":11,"column":15}},{"start":{"line":11,"column":19},"end":{"line":11,"column":28}},{"start":{"line":11,"column":32},"end":{"line":11,"column":41}}]},"4":{"loc":{"start":{"line":28,"column":2},"end":{"line":31,"column":3}},"type":"if","locations":[{"start":{"line":28,"column":2},"end":{"line":31,"column":3}},{"start":{},"end":{}}]},"5":{"loc":{"start":{"line":41,"column":2},"end":{"line":43,"column":3}},"type":"if","locations":[{"start":{"line":41,"column":2},"end":{"line":43,"column":3}},{"start":{},"end":{}}]},"6":{"loc":{"start":{"line":47,"column":4},"end":{"line":49,"column":5}},"type":"if","locations":[{"start":{"line":47,"column":4},"end":{"line":49,"column":5}},{"start":{},"end":{}}]}},"s":{"0":4,"1":4,"2":4,"3":4,"4":4,"5":4,"6":4,"7":4,"8":3,"9":1,"10":2,"11":4,"12":3,"13":3,"14":1,"15":1,"16":2,"17":2,"18":1,"19":1,"20":1,"21":1,"22":1,"23":1,"24":1,"25":1,"26":1,"27":1,"28":1,"29":1,"30":1,"31":1,"32":1,"33":4},"f":{"0":3,"1":3,"2":1,"3":1},"b":{"0":[4,3],"1":[4,0],"2":[1,2],"3":[3,2,2],"4":[1,2],"5":[1,1],"6":[1,0]}}
,"C:\\UniQueryProject\\UniQuery\\server\\src\\services\\notifications.ts": {"path":"C:\\UniQueryProject\\UniQuery\\server\\src\\services\\notifications.ts","statementMap":{"0":{"start":{"line":1,"column":0},"end":{"line":1,"column":35}},"1":{"start":{"line":10,"column":32},"end":{"line":33,"column":1}},"2":{"start":{"line":16,"column":17},"end":{"line":21,"column":null}},"3":{"start":{"line":24,"column":22},"end":{"line":24,"column":48}},"4":{"start":{"line":25,"column":22},"end":{"line":25,"column":39}},"5":{"start":{"line":27,"column":23},"end":{"line":27,"column":63}},"6":{"start":{"line":28,"column":2},"end":{"line":32,"column":4}},"7":{"start":{"line":10,"column":13},"end":{"line":10,"column":32}},"8":{"start":{"line":35,"column":40},"end":{"line":43,"column":1}},"9":{"start":{"line":39,"column":17},"end":{"line":39,"column":78}},"10":{"start":{"line":40,"column":2},"end":{"line":42,"column":3}},"11":{"start":{"line":41,"column":4},"end":{"line":41,"column":50}},"12":{"start":{"line":35,"column":13},"end":{"line":35,"column":40}}},"fnMap":{"0":{"name":"(anonymous_0)","decl":{"start":{"line":10,"column":32},"end":{"line":10,"column":37}},"loc":{"start":{"line":15,"column":4},"end":{"line":33,"column":1}}},"1":{"name":"(anonymous_1)","decl":{"start":{"line":35,"column":40},"end":{"line":35,"column":45}},"loc":{"start":{"line":38,"column":4},"end":{"line":43,"column":1}}}},"branchMap":{"0":{"loc":{"start":{"line":14,"column":2},"end":{"line":14,"column":36}},"type":"default-arg","locations":[{"start":{"line":14,"column":28},"end":{"line":14,"column":36}}]},"1":{"loc":{"start":{"line":24,"column":22},"end":{"line":24,"column":48}},"type":"binary-expr","locations":[{"start":{"line":24,"column":22},"end":{"line":24,"column":43}},{"start":{"line":24,"column":47},"end":{"line":24,"column":48}}]},"2":{"loc":{"start":{"line":27,"column":23},"end":{"line":27,"column":63}},"type":"cond-expr","locations":[{"start":{"line":27,"column":37},"end":{"line":27,"column":45}},{"start":{"line":27,"column":48},"end":{"line":27,"column":63}}]}},"s":{"0":3,"1":3,"2":3,"3":3,"4":3,"5":3,"6":3,"7":3,"8":3,"9":1,"10":1,"11":1,"12":3},"f":{"0":3,"1":1},"b":{"0":[3],"1":[3,2],"2":[1,2]}}
}
