TN:
SF:src\app.ts
FN:10,createApp
FN:27,(anonymous_2)
FN:31,(anonymous_3)
FNF:3
FNH:3
FNDA:1,createApp
FNDA:1,(anonymous_2)
FNDA:1,(anonymous_3)
DA:1,1
DA:2,1
DA:3,1
DA:4,1
DA:5,1
DA:10,1
DA:11,1
DA:13,1
DA:25,1
DA:27,1
DA:28,1
DA:31,1
DA:32,1
DA:37,1
DA:38,1
DA:39,1
DA:41,1
LF:17
LH:17
BRF:0
BRH:0
end_of_record
TN:
SF:src\middleware\auth.ts
FN:21,(anonymous_1)
FN:24,(anonymous_2)
FN:86,(anonymous_3)
FN:87,(anonymous_4)
FNF:4
FNH:4
FNDA:4,(anonymous_1)
FNDA:6,(anonymous_2)
FNDA:16,(anonymous_3)
FNDA:2,(anonymous_4)
DA:2,2
DA:3,2
DA:4,2
DA:18,2
DA:19,2
DA:21,2
DA:22,4
DA:24,2
DA:25,6
DA:26,6
DA:28,6
DA:29,1
DA:32,5
DA:33,0
DA:36,5
DA:37,5
DA:46,4
DA:48,4
DA:55,4
DA:56,1
DA:59,3
DA:60,3
DA:61,1
DA:64,2
DA:65,2
DA:66,2
DA:67,1
DA:70,1
DA:72,1
DA:80,1
DA:82,1
DA:86,2
DA:87,16
DA:88,2
DA:89,2
DA:90,1
DA:92,1
LF:37
LH:36
BRDA:26,0,0,6
BRDA:26,0,1,5
BRDA:28,1,0,1
BRDA:28,1,1,5
BRDA:32,2,0,0
BRDA:32,2,1,5
BRDA:55,3,0,1
BRDA:55,3,1,3
BRDA:60,4,0,1
BRDA:60,4,1,2
BRDA:66,5,0,1
BRDA:66,5,1,1
BRDA:76,6,0,1
BRDA:76,6,1,0
BRDA:89,7,0,1
BRDA:89,7,1,1
BRDA:89,8,0,2
BRDA:89,8,1,2
BRF:18
BRH:16
end_of_record
TN:
SF:src\routes\users.ts
FN:7,(anonymous_1)
FN:18,(anonymous_2)
FN:20,(anonymous_3)
FN:50,(anonymous_4)
FN:59,(anonymous_5)
FN:85,(anonymous_6)
FN:161,(anonymous_7)
FN:205,(anonymous_8)
FNF:8
FNH:8
FNDA:7,(anonymous_1)
FNDA:2,(anonymous_2)
FNDA:6,(anonymous_3)
FNDA:2,(anonymous_4)
FNDA:1,(anonymous_5)
FNDA:5,(anonymous_6)
FNDA:1,(anonymous_7)
FNDA:3,(anonymous_8)
DA:1,2
DA:2,2
DA:3,2
DA:5,2
DA:7,2
DA:8,7
DA:9,1
DA:11,6
DA:12,6
DA:18,2
DA:20,2
DA:31,6
DA:32,6
DA:33,6
DA:34,6
DA:50,2
DA:51,2
DA:55,2
DA:59,2
DA:60,1
DA:61,1
DA:62,0
DA:65,1
DA:66,1
DA:72,1
DA:73,0
DA:76,1
DA:77,1
DA:79,0
DA:80,0
DA:85,2
DA:86,5
DA:87,5
DA:88,0
DA:91,5
DA:93,5
DA:94,1
DA:97,4
DA:98,4
DA:103,4
DA:104,0
DA:107,4
DA:108,4
DA:110,4
DA:111,1
DA:114,3
DA:120,3
DA:121,1
DA:124,2
DA:127,2
DA:128,1
DA:136,1
DA:143,2
DA:150,2
DA:152,2
DA:154,0
DA:155,0
DA:156,0
DA:161,2
DA:162,1
DA:163,1
DA:164,0
DA:167,1
DA:169,1
DA:170,1
DA:175,1
DA:176,0
DA:179,1
DA:180,1
DA:181,1
DA:182,1
DA:184,1
DA:185,0
DA:188,1
DA:196,1
DA:197,1
DA:199,0
DA:200,0
DA:205,2
DA:206,3
DA:207,3
DA:213,3
DA:214,1
DA:217,2
DA:218,2
DA:228,0
DA:229,0
DA:233,2
LF:88
LH:72
BRDA:8,0,0,1
BRDA:8,0,1,6
BRDA:13,1,0,6
BRDA:13,1,1,0
BRDA:14,2,0,6
BRDA:14,2,1,0
BRDA:29,3,0,2
BRDA:40,4,0,5
BRDA:40,4,1,1
BRDA:43,5,0,6
BRDA:43,5,1,0
BRDA:45,6,0,6
BRDA:45,6,1,5
BRDA:61,7,0,0
BRDA:61,7,1,1
BRDA:72,8,0,0
BRDA:72,8,1,1
BRDA:87,9,0,0
BRDA:87,9,1,5
BRDA:93,10,0,1
BRDA:93,10,1,4
BRDA:103,11,0,0
BRDA:103,11,1,4
BRDA:110,12,0,1
BRDA:110,12,1,3
BRDA:110,13,0,4
BRDA:110,13,1,3
BRDA:110,13,2,2
BRDA:110,13,3,2
BRDA:120,14,0,1
BRDA:120,14,1,2
BRDA:127,15,0,1
BRDA:127,15,1,1
BRDA:163,16,0,0
BRDA:163,16,1,1
BRDA:175,17,0,0
BRDA:175,17,1,1
BRDA:180,18,0,1
BRDA:180,18,1,0
BRDA:181,19,0,1
BRDA:181,19,1,0
BRDA:182,20,0,1
BRDA:182,20,1,0
BRDA:184,21,0,0
BRDA:184,21,1,1
BRDA:184,22,0,1
BRDA:184,22,1,1
BRDA:184,22,2,1
BRDA:213,23,0,1
BRDA:213,23,1,2
BRF:50
BRH:37
end_of_record
TN:
SF:src\routes\v1-admin.ts
FN:26,(anonymous_1)
FN:36,(anonymous_2)
FN:61,(anonymous_3)
FN:82,(anonymous_4)
FN:107,(anonymous_5)
FN:130,(anonymous_6)
FN:164,(anonymous_7)
FN:179,(anonymous_8)
FNF:8
FNH:8
FNDA:2,(anonymous_1)
FNDA:3,(anonymous_2)
FNDA:1,(anonymous_3)
FNDA:2,(anonymous_4)
FNDA:1,(anonymous_5)
FNDA:3,(anonymous_6)
FNDA:2,(anonymous_7)
FNDA:2,(anonymous_8)
DA:1,3
DA:2,3
DA:3,3
DA:4,3
DA:6,3
DA:8,3
DA:13,3
DA:20,3
DA:26,3
DA:27,2
DA:28,2
DA:29,1
DA:31,1
DA:32,1
DA:36,3
DA:37,3
DA:38,3
DA:39,1
DA:42,2
DA:44,2
DA:45,2
DA:51,1
DA:53,1
DA:54,1
DA:56,0
DA:57,0
DA:61,3
DA:62,1
DA:63,1
DA:64,1
DA:67,0
DA:68,0
DA:75,0
DA:77,0
DA:78,0
DA:82,3
DA:83,2
DA:84,2
DA:85,0
DA:88,2
DA:90,2
DA:91,2
DA:97,1
DA:99,1
DA:100,1
DA:102,0
DA:103,0
DA:107,3
DA:108,1
DA:109,1
DA:110,0
DA:113,1
DA:114,1
DA:123,1
DA:125,0
DA:126,0
DA:130,3
DA:131,3
DA:132,3
DA:133,0
DA:136,3
DA:138,3
DA:139,3
DA:143,3
DA:144,1
DA:147,2
DA:148,2
DA:154,1
DA:156,1
DA:157,1
DA:159,0
DA:160,0
DA:164,3
DA:165,2
DA:167,2
DA:168,2
DA:169,2
DA:170,1
DA:172,1
DA:174,0
DA:175,0
DA:179,3
DA:180,2
DA:182,2
DA:183,2
DA:185,2
DA:193,2
DA:194,1
DA:195,1
DA:198,1
DA:199,1
DA:200,1
DA:201,1
DA:203,1
DA:209,1
DA:215,1
DA:222,1
DA:229,1
DA:235,1
DA:243,1
DA:244,1
DA:246,1
DA:248,1
DA:250,0
DA:251,0
DA:252,0
DA:256,3
LF:107
LH:86
BRDA:38,0,0,1
BRDA:38,0,1,2
BRDA:53,1,0,1
BRDA:53,1,1,0
BRDA:63,2,0,1
BRDA:63,2,1,0
BRDA:84,3,0,0
BRDA:84,3,1,2
BRDA:95,4,0,2
BRDA:95,4,1,2
BRDA:99,5,0,1
BRDA:99,5,1,0
BRDA:109,6,0,0
BRDA:109,6,1,1
BRDA:132,7,0,0
BRDA:132,7,1,3
BRDA:143,8,0,1
BRDA:143,8,1,2
BRDA:156,9,0,1
BRDA:156,9,1,0
BRDA:169,10,0,1
BRDA:169,10,1,1
BRDA:193,11,0,1
BRDA:193,11,1,1
BRF:24
BRH:17
end_of_record
TN:
SF:src\routes\v1-flags.ts
FN:14,(anonymous_1)
FNF:1
FNH:1
FNDA:6,(anonymous_1)
DA:1,3
DA:2,3
DA:3,3
DA:4,3
DA:5,3
DA:7,3
DA:9,3
DA:14,3
DA:15,6
DA:16,6
DA:17,1
DA:20,5
DA:21,5
DA:22,0
DA:25,5
DA:26,5
DA:32,3
DA:42,3
DA:43,1
DA:46,2
DA:48,2
DA:56,2
DA:57,2
DA:64,2
DA:66,2
DA:67,1
DA:69,1
DA:70,1
DA:74,3
LF:29
LH:28
BRDA:16,0,0,1
BRDA:16,0,1,5
BRDA:21,1,0,0
BRDA:21,1,1,5
BRDA:33,2,0,2
BRDA:33,2,1,1
BRDA:42,3,0,1
BRDA:42,3,1,2
BRDA:66,4,0,1
BRDA:66,4,1,1
BRF:10
BRH:9
end_of_record
TN:
SF:src\routes\v1-moderation.ts
FN:20,(anonymous_1)
FN:47,(anonymous_2)
FN:97,(anonymous_3)
FNF:3
FNH:3
FNDA:3,(anonymous_1)
FNDA:4,(anonymous_2)
FNDA:2,(anonymous_3)
DA:1,3
DA:2,3
DA:3,3
DA:4,3
DA:5,3
DA:7,3
DA:9,3
DA:16,3
DA:20,3
DA:21,3
DA:22,3
DA:23,1
DA:26,2
DA:27,2
DA:40,1
DA:42,1
DA:43,1
DA:47,3
DA:48,4
DA:49,4
DA:50,1
DA:53,3
DA:54,3
DA:56,3
DA:57,0
DA:60,3
DA:61,3
DA:63,2
DA:69,2
DA:71,2
DA:72,1
DA:74,1
DA:77,2
DA:82,2
DA:88,2
DA:89,2
DA:91,1
DA:92,1
DA:93,1
DA:97,3
DA:98,2
DA:99,2
DA:100,0
DA:103,2
DA:104,2
DA:106,2
DA:107,0
DA:110,2
DA:111,2
DA:112,1
DA:114,1
DA:118,3
LF:52
LH:49
BRDA:22,0,0,1
BRDA:22,0,1,2
BRDA:49,1,0,1
BRDA:49,1,1,3
BRDA:56,2,0,0
BRDA:56,2,1,3
BRDA:71,3,0,1
BRDA:71,3,1,1
BRDA:99,4,0,0
BRDA:99,4,1,2
BRDA:104,5,0,2
BRDA:104,5,1,0
BRDA:106,6,0,0
BRDA:106,6,1,2
BRDA:114,7,0,1
BRDA:114,7,1,0
BRF:16
BRH:11
end_of_record
TN:
SF:src\routes\v1-notifications.ts
FN:7,(anonymous_1)
FN:33,(anonymous_2)
FNF:2
FNH:2
FNDA:2,(anonymous_1)
FNDA:2,(anonymous_2)
DA:1,3
DA:2,3
DA:3,3
DA:5,3
DA:7,3
DA:8,2
DA:9,2
DA:10,0
DA:13,2
DA:14,2
DA:16,2
DA:17,2
DA:26,1
DA:28,1
DA:29,1
DA:33,3
DA:34,2
DA:35,2
DA:36,0
DA:39,2
DA:40,2
DA:48,2
DA:49,1
DA:52,1
DA:54,0
DA:55,0
DA:59,3
LF:27
LH:23
BRDA:9,0,0,0
BRDA:9,0,1,2
BRDA:13,1,0,2
BRDA:13,1,1,2
BRDA:14,2,0,2
BRDA:14,2,1,2
BRDA:35,3,0,0
BRDA:35,3,1,2
BRDA:48,4,0,1
BRDA:48,4,1,1
BRF:10
BRH:8
end_of_record
TN:
SF:src\routes\v1-perf.ts
FN:7,(anonymous_1)
FNF:1
FNH:1
FNDA:2,(anonymous_1)
DA:1,3
DA:2,3
DA:3,3
DA:5,3
DA:7,3
DA:8,2
DA:10,2
DA:11,2
DA:19,1
DA:21,1
DA:22,1
DA:26,3
LF:12
LH:12
BRDA:8,0,0,2
BRDA:8,0,1,1
BRF:2
BRH:2
end_of_record
TN:
SF:src\routes\v1-qa.ts
FN:10,(anonymous_1)
FN:19,(anonymous_2)
FN:31,(anonymous_3)
FN:55,(anonymous_4)
FN:62,(anonymous_5)
FN:128,(anonymous_6)
FN:155,(anonymous_7)
FN:253,(anonymous_8)
FN:314,(anonymous_9)
FN:333,(anonymous_10)
FN:356,(anonymous_11)
FN:416,(anonymous_12)
FN:484,(anonymous_13)
FN:510,(anonymous_14)
FN:528,(anonymous_15)
FN:546,(anonymous_16)
FN:598,(anonymous_17)
FN:627,(anonymous_18)
FN:648,(anonymous_19)
FN:674,(anonymous_20)
FN:700,(anonymous_21)
FN:726,(anonymous_22)
FNF:22
FNH:21
FNDA:1,(anonymous_1)
FNDA:6,(anonymous_2)
FNDA:0,(anonymous_3)
FNDA:3,(anonymous_4)
FNDA:3,(anonymous_5)
FNDA:2,(anonymous_6)
FNDA:6,(anonymous_7)
FNDA:2,(anonymous_8)
FNDA:1,(anonymous_9)
FNDA:1,(anonymous_10)
FNDA:4,(anonymous_11)
FNDA:3,(anonymous_12)
FNDA:2,(anonymous_13)
FNDA:1,(anonymous_14)
FNDA:1,(anonymous_15)
FNDA:3,(anonymous_16)
FNDA:2,(anonymous_17)
FNDA:2,(anonymous_18)
FNDA:2,(anonymous_19)
FNDA:1,(anonymous_20)
FNDA:2,(anonymous_21)
FNDA:1,(anonymous_22)
DA:1,3
DA:2,3
DA:3,3
DA:4,3
DA:5,3
DA:6,3
DA:8,3
DA:10,3
DA:11,1
DA:12,1
DA:13,1
DA:15,0
DA:18,3
DA:20,6
DA:21,6
DA:22,6
DA:23,0
DA:25,6
DA:26,6
DA:27,5
DA:28,1
DA:29,0
DA:31,0
DA:34,6
DA:46,3
DA:52,3
DA:55,3
DA:58,3
DA:62,3
DA:63,3
DA:64,3
DA:65,3
DA:67,3
DA:68,3
DA:69,3
DA:70,3
DA:72,3
DA:73,1
DA:74,1
DA:76,3
DA:77,1
DA:78,1
DA:79,1
DA:82,3
DA:84,3
DA:90,3
DA:92,3
DA:113,3
DA:115,1
DA:116,1
DA:118,1
DA:119,1
DA:121,1
DA:124,3
DA:125,3
DA:127,3
DA:128,3
DA:148,3
DA:150,0
DA:151,0
DA:155,3
DA:156,6
DA:157,6
DA:158,1
DA:164,5
DA:165,5
DA:167,5
DA:168,0
DA:171,5
DA:172,5
DA:173,5
DA:174,1
DA:178,1
DA:179,0
DA:181,1
DA:184,5
DA:189,5
DA:190,1
DA:193,4
DA:197,4
DA:198,1
DA:201,3
DA:202,1
DA:205,2
DA:207,2
DA:214,2
DA:216,2
DA:217,0
DA:218,0
DA:226,0
DA:233,2
DA:234,2
DA:236,2
DA:247,0
DA:248,0
DA:249,0
DA:253,3
DA:254,2
DA:256,2
DA:257,2
DA:279,2
DA:280,1
DA:283,1
DA:284,1
DA:309,0
DA:310,0
DA:314,3
DA:315,1
DA:317,1
DA:318,1
DA:333,1
DA:349,1
DA:351,0
DA:352,0
DA:356,3
DA:357,4
DA:358,4
DA:359,0
DA:362,4
DA:363,4
DA:365,4
DA:366,0
DA:369,4
DA:370,4
DA:375,4
DA:376,1
DA:379,3
DA:380,1
DA:383,2
DA:390,2
DA:391,2
DA:393,2
DA:394,1
DA:400,2
DA:411,0
DA:412,0
DA:416,3
DA:417,3
DA:418,3
DA:419,0
DA:422,3
DA:423,3
DA:425,3
DA:426,0
DA:429,3
DA:430,3
DA:437,3
DA:438,0
DA:441,3
DA:442,1
DA:447,2
DA:448,2
DA:454,1
DA:455,1
DA:457,0
DA:460,1
DA:461,1
DA:467,1
DA:468,1
DA:475,1
DA:477,0
DA:478,0
DA:484,3
DA:485,2
DA:488,2
DA:489,1
DA:492,1
DA:493,1
DA:494,1
DA:495,0
DA:498,1
DA:499,1
DA:503,1
DA:505,0
DA:506,0
DA:510,3
DA:511,1
DA:512,1
DA:513,0
DA:516,1
DA:517,1
DA:521,1
DA:523,0
DA:524,0
DA:528,3
DA:529,1
DA:530,1
DA:531,0
DA:534,1
DA:535,1
DA:539,1
DA:541,0
DA:542,0
DA:546,3
DA:547,3
DA:548,3
DA:550,3
DA:551,0
DA:554,3
DA:555,3
DA:556,3
DA:557,0
DA:560,3
DA:561,3
DA:562,0
DA:565,3
DA:566,1
DA:569,2
DA:573,2
DA:574,1
DA:577,1
DA:578,1
DA:583,1
DA:584,1
DA:585,1
DA:591,1
DA:593,0
DA:594,0
DA:598,3
DA:599,2
DA:600,2
DA:602,2
DA:603,0
DA:606,2
DA:607,2
DA:608,2
DA:609,0
DA:612,2
DA:613,1
DA:616,1
DA:617,1
DA:619,1
DA:620,1
DA:622,0
DA:623,0
DA:627,3
DA:628,2
DA:630,2
DA:631,2
DA:632,2
DA:633,1
DA:636,1
DA:637,0
DA:640,1
DA:641,1
DA:643,0
DA:644,0
DA:648,3
DA:649,2
DA:650,2
DA:652,2
DA:653,0
DA:656,2
DA:657,2
DA:658,2
DA:659,0
DA:662,2
DA:663,1
DA:666,1
DA:667,1
DA:669,0
DA:670,0
DA:674,3
DA:675,1
DA:676,1
DA:678,1
DA:679,0
DA:682,1
DA:683,1
DA:684,1
DA:685,0
DA:688,1
DA:689,0
DA:692,1
DA:693,1
DA:695,0
DA:696,0
DA:700,3
DA:701,2
DA:702,2
DA:703,0
DA:706,2
DA:707,2
DA:708,0
DA:711,2
DA:712,2
DA:716,1
DA:718,1
DA:719,1
DA:721,0
DA:722,0
DA:726,3
DA:727,1
DA:728,1
DA:729,0
DA:732,1
DA:733,1
DA:734,1
DA:736,0
DA:737,0
DA:741,3
LF:301
LH:236
BRDA:13,0,0,1
BRDA:13,0,1,0
BRDA:15,1,0,0
BRDA:15,1,1,0
BRDA:20,2,0,0
BRDA:20,2,1,6
BRDA:20,3,0,6
BRDA:20,3,1,6
BRDA:22,4,0,0
BRDA:22,4,1,6
BRDA:22,5,0,6
BRDA:22,5,1,1
BRDA:25,6,0,0
BRDA:25,6,1,6
BRDA:26,7,0,5
BRDA:26,7,1,1
BRDA:28,8,0,0
BRDA:28,8,1,1
BRDA:55,9,0,3
BRDA:55,9,1,1
BRDA:63,10,0,1
BRDA:64,11,0,3
BRDA:64,11,1,3
BRDA:65,12,0,3
BRDA:65,12,1,3
BRDA:72,13,0,1
BRDA:72,13,1,2
BRDA:76,14,0,1
BRDA:76,14,1,2
BRDA:82,15,0,2
BRDA:82,15,1,1
BRDA:90,16,0,3
BRDA:90,16,1,0
BRDA:113,17,0,1
BRDA:113,17,1,1
BRDA:113,17,2,1
BRDA:133,18,0,2
BRDA:133,18,1,0
BRDA:136,19,0,1
BRDA:136,19,1,1
BRDA:137,20,0,1
BRDA:137,20,1,1
BRDA:139,21,0,2
BRDA:139,21,1,0
BRDA:141,22,0,2
BRDA:141,22,1,1
BRDA:142,23,0,2
BRDA:142,23,1,1
BRDA:145,24,0,2
BRDA:145,24,1,2
BRDA:157,25,0,1
BRDA:157,25,1,5
BRDA:167,26,0,0
BRDA:167,26,1,5
BRDA:173,27,0,1
BRDA:173,27,1,4
BRDA:178,28,0,0
BRDA:178,28,1,1
BRDA:189,29,0,1
BRDA:189,29,1,4
BRDA:197,30,0,1
BRDA:197,30,1,3
BRDA:201,31,0,1
BRDA:201,31,1,2
BRDA:211,32,0,2
BRDA:211,32,1,2
BRDA:216,33,0,0
BRDA:216,33,1,2
BRDA:216,34,0,2
BRDA:216,34,1,2
BRDA:242,35,0,2
BRDA:242,35,1,0
BRDA:279,36,0,1
BRDA:279,36,1,1
BRDA:289,37,0,1
BRDA:289,37,1,0
BRDA:293,38,0,1
BRDA:293,38,1,1
BRDA:294,39,0,1
BRDA:294,39,1,1
BRDA:296,40,0,1
BRDA:296,40,1,1
BRDA:297,41,0,1
BRDA:297,41,1,1
BRDA:298,42,0,1
BRDA:298,42,1,1
BRDA:299,43,0,0
BRDA:299,43,1,1
BRDA:305,44,0,1
BRDA:305,44,1,0
BRDA:338,45,0,1
BRDA:338,45,1,0
BRDA:339,46,0,0
BRDA:339,46,1,1
BRDA:345,47,0,1
BRDA:345,47,1,0
BRDA:358,48,0,0
BRDA:358,48,1,4
BRDA:365,49,0,0
BRDA:365,49,1,4
BRDA:375,50,0,1
BRDA:375,50,1,3
BRDA:379,51,0,1
BRDA:379,51,1,2
BRDA:393,52,0,1
BRDA:393,52,1,1
BRDA:406,53,0,1
BRDA:406,53,1,1
BRDA:418,54,0,0
BRDA:418,54,1,3
BRDA:425,55,0,0
BRDA:425,55,1,3
BRDA:431,56,0,2
BRDA:431,56,1,1
BRDA:437,57,0,0
BRDA:437,57,1,3
BRDA:441,58,0,1
BRDA:441,58,1,2
BRDA:454,59,0,1
BRDA:454,59,1,0
BRDA:460,60,0,1
BRDA:460,60,1,0
BRDA:462,61,0,1
BRDA:462,61,1,0
BRDA:467,62,0,1
BRDA:467,62,1,0
BRDA:467,63,0,1
BRDA:467,63,1,1
BRDA:488,64,0,1
BRDA:488,64,1,1
BRDA:494,65,0,0
BRDA:494,65,1,1
BRDA:512,66,0,0
BRDA:512,66,1,1
BRDA:521,67,0,1
BRDA:521,67,1,0
BRDA:530,68,0,0
BRDA:530,68,1,1
BRDA:539,69,0,1
BRDA:539,69,1,1
BRDA:550,70,0,0
BRDA:550,70,1,3
BRDA:556,71,0,0
BRDA:556,71,1,3
BRDA:561,72,0,0
BRDA:561,72,1,3
BRDA:565,73,0,1
BRDA:565,73,1,2
BRDA:573,74,0,1
BRDA:573,74,1,1
BRDA:584,75,0,1
BRDA:584,75,1,0
BRDA:602,76,0,0
BRDA:602,76,1,2
BRDA:608,77,0,0
BRDA:608,77,1,2
BRDA:612,78,0,1
BRDA:612,78,1,1
BRDA:617,79,0,1
BRDA:617,79,1,0
BRDA:632,80,0,1
BRDA:632,80,1,1
BRDA:636,81,0,0
BRDA:636,81,1,1
BRDA:652,82,0,0
BRDA:652,82,1,2
BRDA:658,83,0,0
BRDA:658,83,1,2
BRDA:662,84,0,1
BRDA:662,84,1,1
BRDA:678,85,0,0
BRDA:678,85,1,1
BRDA:684,86,0,0
BRDA:684,86,1,1
BRDA:688,87,0,0
BRDA:688,87,1,1
BRDA:702,88,0,0
BRDA:702,88,1,2
BRDA:707,89,0,0
BRDA:707,89,1,2
BRDA:718,90,0,1
BRDA:718,90,1,0
BRDA:728,91,0,0
BRDA:728,91,1,1
BRF:184
BRH:134
end_of_record
TN:
SF:src\routes\v1-search.ts
FN:17,(anonymous_1)
FN:28,(anonymous_2)
FNF:2
FNH:2
FNDA:4,(anonymous_1)
FNDA:2,(anonymous_2)
DA:1,2
DA:2,2
DA:3,2
DA:4,2
DA:6,2
DA:8,2
DA:17,2
DA:18,4
DA:19,4
DA:21,3
DA:22,3
DA:28,2
DA:29,2
DA:30,1
DA:31,1
DA:34,1
DA:41,1
DA:42,1
DA:46,2
LF:19
LH:19
BRDA:19,0,0,1
BRDA:19,0,1,3
BRDA:28,1,0,2
BRDA:28,1,1,1
BRDA:29,2,0,1
BRDA:29,2,1,1
BRF:6
BRH:6
end_of_record
TN:
SF:src\routes\v1-users.ts
FN:16,(anonymous_1)
FN:20,(anonymous_2)
FNF:2
FNH:2
FNDA:5,(anonymous_1)
FNDA:5,(anonymous_2)
DA:1,3
DA:2,3
DA:3,3
DA:4,3
DA:6,3
DA:10,3
DA:16,5
DA:20,3
DA:21,5
DA:22,5
DA:23,1
DA:26,4
DA:28,4
DA:29,4
DA:30,4
DA:32,4
DA:33,2
DA:34,2
DA:36,4
DA:37,0
DA:38,0
DA:40,4
DA:42,2
DA:43,1
DA:45,1
DA:46,1
DA:50,4
DA:51,4
DA:53,4
DA:54,4
DA:62,4
DA:63,1
DA:66,3
DA:67,3
DA:77,0
DA:78,0
DA:82,3
LF:37
LH:33
BRDA:22,0,0,1
BRDA:22,0,1,4
BRDA:32,1,0,2
BRDA:32,1,1,2
BRDA:36,2,0,0
BRDA:36,2,1,4
BRDA:40,3,0,2
BRDA:40,3,1,2
BRDA:42,4,0,1
BRDA:42,4,1,1
BRDA:62,5,0,1
BRDA:62,5,1,3
BRDA:73,6,0,3
BRDA:73,6,1,0
BRF:14
BRH:12
end_of_record
TN:
SF:src\routes\v1.ts
FN:22,(anonymous_1)
FN:38,(anonymous_2)
FN:41,(anonymous_3)
FN:58,(anonymous_4)
FN:145,(anonymous_5)
FN:190,(anonymous_6)
FN:226,(anonymous_7)
FN:241,(anonymous_8)
FN:276,(anonymous_9)
FN:291,(anonymous_10)
FN:314,(anonymous_11)
FNF:11
FNH:11
FNDA:4,(anonymous_1)
FNDA:2,(anonymous_2)
FNDA:2,(anonymous_3)
FNDA:5,(anonymous_4)
FNDA:4,(anonymous_5)
FNDA:1,(anonymous_6)
FNDA:1,(anonymous_7)
FNDA:2,(anonymous_8)
FNDA:1,(anonymous_9)
FNDA:1,(anonymous_10)
FNDA:1,(anonymous_11)
DA:1,2
DA:2,2
DA:3,2
DA:4,2
DA:5,2
DA:6,2
DA:7,2
DA:8,2
DA:9,2
DA:10,2
DA:11,2
DA:12,2
DA:13,2
DA:14,2
DA:15,2
DA:17,2
DA:18,2
DA:19,2
DA:20,2
DA:22,4
DA:24,2
DA:33,2
DA:38,2
DA:39,2
DA:41,2
DA:48,2
DA:49,0
DA:52,2
DA:58,2
DA:59,5
DA:60,5
DA:61,1
DA:64,4
DA:66,4
DA:67,1
DA:70,3
DA:71,3
DA:75,2
DA:76,1
DA:79,1
DA:81,1
DA:88,1
DA:90,1
DA:98,1
DA:99,1
DA:100,1
DA:101,1
DA:107,1
DA:110,1
DA:111,1
DA:119,1
DA:120,1
DA:126,1
DA:140,1
DA:141,1
DA:145,2
DA:146,4
DA:147,4
DA:148,0
DA:151,4
DA:153,4
DA:154,4
DA:160,4
DA:161,1
DA:164,3
DA:165,3
DA:166,1
DA:172,2
DA:173,2
DA:174,1
DA:175,1
DA:176,1
DA:180,1
DA:183,1
DA:185,1
DA:190,1
DA:191,1
DA:192,1
DA:200,1
DA:201,1
DA:207,1
DA:221,0
DA:222,0
DA:226,2
DA:227,1
DA:228,1
DA:229,1
DA:230,0
DA:233,1
DA:234,1
DA:236,0
DA:237,0
DA:241,2
DA:242,2
DA:243,2
DA:244,2
DA:245,0
DA:248,2
DA:254,2
DA:255,1
DA:258,1
DA:259,1
DA:271,0
DA:272,0
DA:276,2
DA:277,1
DA:281,1
DA:283,0
DA:291,2
DA:292,1
DA:293,1
DA:294,0
DA:297,1
DA:298,1
DA:300,1
DA:307,1
DA:309,0
DA:310,0
DA:314,2
DA:315,1
DA:316,1
DA:317,0
DA:320,1
DA:321,1
DA:329,1
DA:331,0
DA:332,0
DA:336,2
DA:337,2
DA:338,2
DA:339,2
DA:340,2
DA:341,2
DA:342,2
DA:344,2
LF:135
LH:118
BRDA:48,0,0,0
BRDA:48,0,1,2
BRDA:60,1,0,1
BRDA:60,1,1,4
BRDA:66,2,0,1
BRDA:66,2,1,3
BRDA:75,3,0,1
BRDA:75,3,1,1
BRDA:85,4,0,1
BRDA:85,4,1,1
BRDA:85,5,0,1
BRDA:85,5,1,1
BRDA:99,6,0,1
BRDA:99,6,1,0
BRDA:147,7,0,0
BRDA:147,7,1,4
BRDA:160,8,0,1
BRDA:160,8,1,3
BRDA:165,9,0,1
BRDA:165,9,1,2
BRDA:165,10,0,3
BRDA:165,10,1,1
BRDA:173,11,0,1
BRDA:173,11,1,1
BRDA:174,12,0,1
BRDA:174,12,1,1
BRDA:175,13,0,0
BRDA:175,13,1,1
BRDA:229,14,0,0
BRDA:229,14,1,1
BRDA:244,15,0,0
BRDA:244,15,1,2
BRDA:254,16,0,1
BRDA:254,16,1,1
BRDA:281,17,0,1
BRDA:281,17,1,0
BRDA:293,18,0,0
BRDA:293,18,1,1
BRDA:316,19,0,0
BRDA:316,19,1,1
BRF:40
BRH:31
end_of_record
TN:
SF:src\services\anonymity.ts
FN:34,(anonymous_1)
FN:47,(anonymous_2)
FN:55,(anonymous_3)
FN:64,(anonymous_4)
FN:71,(anonymous_5)
FN:81,(anonymous_6)
FN:92,(anonymous_7)
FN:110,(anonymous_8)
FN:155,(anonymous_9)
FNF:9
FNH:9
FNDA:3,(anonymous_1)
FNDA:2,(anonymous_2)
FNDA:2,(anonymous_3)
FNDA:1,(anonymous_4)
FNDA:3,(anonymous_5)
FNDA:1,(anonymous_6)
FNDA:1,(anonymous_7)
FNDA:4,(anonymous_8)
FNDA:3,(anonymous_9)
DA:1,3
DA:2,3
DA:3,3
DA:5,3
DA:18,3
DA:31,3
DA:32,3
DA:34,3
DA:35,3
DA:36,0
DA:38,3
DA:39,3
DA:40,3
DA:42,0
DA:45,3
DA:47,3
DA:48,2
DA:49,2
DA:50,2
DA:51,2
DA:52,2
DA:55,3
DA:56,2
DA:57,2
DA:58,2
DA:59,2
DA:60,2
DA:61,2
DA:64,3
DA:65,1
DA:71,3
DA:72,3
DA:73,3
DA:74,3
DA:75,3
DA:77,3
DA:81,3
DA:83,3
DA:84,3
DA:85,1
DA:86,1
DA:89,3
DA:92,3
DA:97,1
DA:98,1
DA:99,1
DA:100,1
DA:101,1
DA:103,1
DA:110,3
DA:115,4
DA:116,1
DA:121,1
DA:124,3
DA:130,3
DA:135,3
DA:136,1
DA:139,2
DA:140,2
DA:141,2
DA:142,1
DA:145,1
DA:146,1
DA:147,1
DA:148,1
DA:150,1
DA:152,1
DA:155,3
DA:156,3
DA:165,3
DA:166,1
LF:71
LH:69
BRDA:31,0,0,3
BRDA:31,0,1,0
BRDA:32,1,0,3
BRDA:32,1,1,0
BRDA:35,2,0,0
BRDA:35,2,1,3
BRDA:39,3,0,3
BRDA:39,3,1,0
BRDA:115,4,0,1
BRDA:115,4,1,3
BRDA:135,5,0,1
BRDA:135,5,1,2
BRDA:141,6,0,1
BRDA:141,6,1,1
BRDA:165,7,0,1
BRDA:165,7,1,2
BRDA:165,8,0,3
BRDA:165,8,1,0
BRF:18
BRH:13
end_of_record
TN:
SF:src\services\digest-cron.ts
FN:4,(anonymous_1)
FN:6,(anonymous_2)
FNF:2
FNH:2
FNDA:2,(anonymous_1)
FNDA:1,(anonymous_2)
DA:1,2
DA:2,2
DA:4,2
DA:6,2
DA:7,1
DA:8,1
DA:10,0
DA:14,2
LF:8
LH:7
BRF:0
BRH:0
end_of_record
TN:
SF:src\services\digest.ts
FN:10,(anonymous_1)
FN:26,(anonymous_2)
FN:54,(anonymous_3)
FN:66,(anonymous_4)
FNF:4
FNH:4
FNDA:3,(anonymous_1)
FNDA:3,(anonymous_2)
FNDA:1,(anonymous_3)
FNDA:1,(anonymous_4)
DA:1,4
DA:2,4
DA:4,4
DA:5,4
DA:6,4
DA:7,4
DA:8,4
DA:10,4
DA:11,3
DA:12,1
DA:15,2
DA:26,4
DA:27,3
DA:28,3
DA:29,1
DA:30,1
DA:33,2
DA:41,2
DA:42,1
DA:45,1
DA:46,1
DA:47,1
DA:48,1
DA:50,1
DA:53,1
DA:54,1
DA:55,1
DA:56,1
DA:59,1
DA:66,1
DA:67,1
DA:74,1
LF:32
LH:32
BRDA:5,0,0,4
BRDA:5,0,1,3
BRDA:8,1,0,4
BRDA:8,1,1,0
BRDA:11,2,0,1
BRDA:11,2,1,2
BRDA:11,3,0,3
BRDA:11,3,1,2
BRDA:11,3,2,2
BRDA:28,4,0,1
BRDA:28,4,1,2
BRDA:41,5,0,1
BRDA:41,5,1,1
BRDA:47,6,0,1
BRDA:47,6,1,0
BRF:15
BRH:13
end_of_record
TN:
SF:src\services\notifications.ts
FN:10,(anonymous_0)
FN:35,(anonymous_1)
FNF:2
FNH:2
FNDA:3,(anonymous_0)
FNDA:1,(anonymous_1)
DA:1,3
DA:10,3
DA:16,3
DA:24,3
DA:25,3
DA:27,3
DA:28,3
DA:35,3
DA:39,1
DA:40,1
DA:41,1
LF:11
LH:11
BRDA:14,0,0,3
BRDA:24,1,0,3
BRDA:24,1,1,2
BRDA:27,2,0,1
BRDA:27,2,1,2
BRF:5
BRH:5
end_of_record
