{"C:\\UniQueryProject\\UniQuery\\src\\lib\\api.ts": {"path":"C:\\UniQueryProject\\UniQuery\\src\\lib\\api.ts","statementMap":{"0":{"start":{"line":1,"column":21},"end":{"line":1,"column":27}},"1":{"start":{"line":4,"column":21},"end":{"line":6,"column":1}},"2":{"start":{"line":5,"column":2},"end":{"line":5,"column":39}},"3":{"start":{"line":8,"column":23},"end":{"line":22,"column":1}},"4":{"start":{"line":12,"column":22},"end":{"line":12,"column":50}},"5":{"start":{"line":13,"column":2},"end":{"line":17,"column":3}},"6":{"start":{"line":14,"column":4},"end":{"line":16,"column":5}},"7":{"start":{"line":15,"column":6},"end":{"line":15,"column":44}},"8":{"start":{"line":15,"column":25},"end":{"line":15,"column":44}},"9":{"start":{"line":18,"column":2},"end":{"line":20,"column":3}},"10":{"start":{"line":19,"column":4},"end":{"line":19,"column":41}},"11":{"start":{"line":21,"column":2},"end":{"line":21,"column":46}},"12":{"start":{"line":25,"column":22},"end":{"line":55,"column":1}},"13":{"start":{"line":26,"column":16},"end":{"line":26,"column":30}},"14":{"start":{"line":27,"column":42},"end":{"line":30,"column":4}},"15":{"start":{"line":32,"column":2},"end":{"line":34,"column":3}},"16":{"start":{"line":33,"column":4},"end":{"line":33,"column":49}},"17":{"start":{"line":37,"column":2},"end":{"line":47,"column":3}},"18":{"start":{"line":38,"column":4},"end":{"line":41,"column":7}},"19":{"start":{"line":44,"column":4},"end":{"line":46,"column":6}},"20":{"start":{"line":49,"column":2},"end":{"line":52,"column":3}},"21":{"start":{"line":50,"column":18},"end":{"line":50,"column":85}},"22":{"start":{"line":50,"column":53},"end":{"line":50,"column":83}},"23":{"start":{"line":51,"column":4},"end":{"line":51,"column":43}},"24":{"start":{"line":54,"column":2},"end":{"line":54,"column":25}},"25":{"start":{"line":58,"column":13},"end":{"line":83,"column":2}},"26":{"start":{"line":60,"column":4},"end":{"line":67,"column":7}},"27":{"start":{"line":71,"column":4},"end":{"line":77,"column":7}},"28":{"start":{"line":81,"column":4},"end":{"line":81,"column":35}},"29":{"start":{"line":86,"column":13},"end":{"line":108,"column":2}},"30":{"start":{"line":88,"column":4},"end":{"line":88,"column":38}},"31":{"start":{"line":92,"column":4},"end":{"line":95,"column":7}},"32":{"start":{"line":99,"column":4},"end":{"line":102,"column":7}},"33":{"start":{"line":106,"column":4},"end":{"line":106,"column":41}},"34":{"start":{"line":111,"column":13},"end":{"line":164,"column":2}},"35":{"start":{"line":113,"column":25},"end":{"line":113,"column":46}},"36":{"start":{"line":114,"column":4},"end":{"line":114,"column":75}},"37":{"start":{"line":114,"column":26},"end":{"line":114,"column":75}},"38":{"start":{"line":115,"column":4},"end":{"line":115,"column":63}},"39":{"start":{"line":115,"column":22},"end":{"line":115,"column":63}},"40":{"start":{"line":116,"column":4},"end":{"line":116,"column":69}},"41":{"start":{"line":116,"column":24},"end":{"line":116,"column":69}},"42":{"start":{"line":117,"column":4},"end":{"line":117,"column":91}},"43":{"start":{"line":117,"column":37},"end":{"line":117,"column":91}},"44":{"start":{"line":118,"column":4},"end":{"line":118,"column":94}},"45":{"start":{"line":118,"column":38},"end":{"line":118,"column":94}},"46":{"start":{"line":119,"column":24},"end":{"line":119,"column":47}},"47":{"start":{"line":120,"column":4},"end":{"line":120,"column":81}},"48":{"start":{"line":124,"column":4},"end":{"line":124,"column":48}},"49":{"start":{"line":128,"column":4},"end":{"line":137,"column":7}},"50":{"start":{"line":141,"column":4},"end":{"line":143,"column":7}},"51":{"start":{"line":147,"column":4},"end":{"line":149,"column":7}},"52":{"start":{"line":153,"column":4},"end":{"line":156,"column":7}},"53":{"start":{"line":160,"column":4},"end":{"line":162,"column":7}},"54":{"start":{"line":167,"column":13},"end":{"line":196,"column":2}},"55":{"start":{"line":169,"column":4},"end":{"line":169,"column":64}},"56":{"start":{"line":173,"column":4},"end":{"line":176,"column":7}},"57":{"start":{"line":180,"column":4},"end":{"line":182,"column":7}},"58":{"start":{"line":186,"column":4},"end":{"line":188,"column":7}},"59":{"start":{"line":192,"column":4},"end":{"line":194,"column":7}},"60":{"start":{"line":199,"column":13},"end":{"line":233,"column":2}},"61":{"start":{"line":201,"column":4},"end":{"line":204,"column":7}},"62":{"start":{"line":208,"column":4},"end":{"line":211,"column":7}},"63":{"start":{"line":215,"column":4},"end":{"line":217,"column":7}},"64":{"start":{"line":221,"column":4},"end":{"line":223,"column":7}},"65":{"start":{"line":227,"column":4},"end":{"line":227,"column":68}},"66":{"start":{"line":231,"column":4},"end":{"line":231,"column":64}},"67":{"start":{"line":236,"column":13},"end":{"line":250,"column":2}},"68":{"start":{"line":238,"column":25},"end":{"line":238,"column":46}},"69":{"start":{"line":239,"column":4},"end":{"line":239,"column":91}},"70":{"start":{"line":239,"column":37},"end":{"line":239,"column":91}},"71":{"start":{"line":240,"column":4},"end":{"line":240,"column":94}},"72":{"start":{"line":240,"column":38},"end":{"line":240,"column":94}},"73":{"start":{"line":241,"column":24},"end":{"line":241,"column":47}},"74":{"start":{"line":242,"column":4},"end":{"line":242,"column":85}},"75":{"start":{"line":246,"column":4},"end":{"line":248,"column":7}},"76":{"start":{"line":253,"column":13},"end":{"line":261,"column":2}},"77":{"start":{"line":255,"column":4},"end":{"line":255,"column":50}},"78":{"start":{"line":259,"column":4},"end":{"line":259,"column":43}},"79":{"start":{"line":264,"column":13},"end":{"line":289,"column":2}},"80":{"start":{"line":266,"column":4},"end":{"line":269,"column":7}},"81":{"start":{"line":273,"column":4},"end":{"line":273,"column":71}},"82":{"start":{"line":277,"column":4},"end":{"line":280,"column":7}},"83":{"start":{"line":284,"column":4},"end":{"line":287,"column":7}},"84":{"start":{"line":292,"column":13},"end":{"line":331,"column":2}},"85":{"start":{"line":294,"column":4},"end":{"line":294,"column":51}},"86":{"start":{"line":298,"column":4},"end":{"line":301,"column":7}},"87":{"start":{"line":305,"column":4},"end":{"line":305,"column":78}},"88":{"start":{"line":309,"column":4},"end":{"line":312,"column":7}},"89":{"start":{"line":316,"column":4},"end":{"line":316,"column":72}},"90":{"start":{"line":320,"column":4},"end":{"line":323,"column":7}},"91":{"start":{"line":327,"column":4},"end":{"line":329,"column":7}}},"fnMap":{"0":{"name":"(anonymous_0)","decl":{"start":{"line":4,"column":21},"end":{"line":4,"column":39}},"loc":{"start":{"line":4,"column":41},"end":{"line":6,"column":1}}},"1":{"name":"(anonymous_1)","decl":{"start":{"line":8,"column":23},"end":{"line":8,"column":24}},"loc":{"start":{"line":11,"column":5},"end":{"line":22,"column":1}}},"2":{"name":"(anonymous_2)","decl":{"start":{"line":25,"column":22},"end":{"line":25,"column":27}},"loc":{"start":{"line":25,"column":76},"end":{"line":55,"column":1}}},"3":{"name":"(anonymous_3)","decl":{"start":{"line":50,"column":46},"end":{"line":50,"column":49}},"loc":{"start":{"line":50,"column":53},"end":{"line":50,"column":83}}},"4":{"name":"(anonymous_4)","decl":{"start":{"line":59,"column":12},"end":{"line":59,"column":17}},"loc":{"start":{"line":59,"column":54},"end":{"line":68,"column":3}}},"5":{"name":"(anonymous_5)","decl":{"start":{"line":70,"column":9},"end":{"line":70,"column":14}},"loc":{"start":{"line":70,"column":51},"end":{"line":78,"column":3}}},"6":{"name":"(anonymous_6)","decl":{"start":{"line":80,"column":10},"end":{"line":80,"column":15}},"loc":{"start":{"line":80,"column":21},"end":{"line":82,"column":3}}},"7":{"name":"(anonymous_7)","decl":{"start":{"line":87,"column":18},"end":{"line":87,"column":23}},"loc":{"start":{"line":87,"column":29},"end":{"line":89,"column":3}}},"8":{"name":"(anonymous_8)","decl":{"start":{"line":91,"column":22},"end":{"line":91,"column":27}},"loc":{"start":{"line":91,"column":92},"end":{"line":96,"column":3}}},"9":{"name":"(anonymous_9)","decl":{"start":{"line":98,"column":17},"end":{"line":98,"column":22}},"loc":{"start":{"line":98,"column":82},"end":{"line":103,"column":3}}},"10":{"name":"(anonymous_10)","decl":{"start":{"line":105,"column":15},"end":{"line":105,"column":20}},"loc":{"start":{"line":105,"column":36},"end":{"line":107,"column":3}}},"11":{"name":"(anonymous_11)","decl":{"start":{"line":112,"column":10},"end":{"line":112,"column":15}},"loc":{"start":{"line":112,"column":116},"end":{"line":121,"column":3}}},"12":{"name":"(anonymous_12)","decl":{"start":{"line":123,"column":11},"end":{"line":123,"column":16}},"loc":{"start":{"line":123,"column":32},"end":{"line":125,"column":3}}},"13":{"name":"(anonymous_13)","decl":{"start":{"line":127,"column":10},"end":{"line":127,"column":15}},"loc":{"start":{"line":127,"column":122},"end":{"line":138,"column":3}}},"14":{"name":"(anonymous_14)","decl":{"start":{"line":140,"column":10},"end":{"line":140,"column":15}},"loc":{"start":{"line":140,"column":31},"end":{"line":144,"column":3}}},"15":{"name":"(anonymous_15)","decl":{"start":{"line":146,"column":11},"end":{"line":146,"column":16}},"loc":{"start":{"line":146,"column":32},"end":{"line":150,"column":3}}},"16":{"name":"(anonymous_16)","decl":{"start":{"line":152,"column":15},"end":{"line":152,"column":20}},"loc":{"start":{"line":152,"column":36},"end":{"line":157,"column":3}}},"17":{"name":"(anonymous_17)","decl":{"start":{"line":159,"column":18},"end":{"line":159,"column":23}},"loc":{"start":{"line":159,"column":39},"end":{"line":163,"column":3}}},"18":{"name":"(anonymous_18)","decl":{"start":{"line":168,"column":18},"end":{"line":168,"column":23}},"loc":{"start":{"line":168,"column":47},"end":{"line":170,"column":3}}},"19":{"name":"(anonymous_19)","decl":{"start":{"line":172,"column":10},"end":{"line":172,"column":15}},"loc":{"start":{"line":172,"column":56},"end":{"line":177,"column":3}}},"20":{"name":"(anonymous_20)","decl":{"start":{"line":179,"column":10},"end":{"line":179,"column":15}},"loc":{"start":{"line":179,"column":37},"end":{"line":183,"column":3}}},"21":{"name":"(anonymous_21)","decl":{"start":{"line":185,"column":10},"end":{"line":185,"column":15}},"loc":{"start":{"line":185,"column":57},"end":{"line":189,"column":3}}},"22":{"name":"(anonymous_22)","decl":{"start":{"line":191,"column":10},"end":{"line":191,"column":15}},"loc":{"start":{"line":191,"column":37},"end":{"line":195,"column":3}}},"23":{"name":"(anonymous_23)","decl":{"start":{"line":200,"column":16},"end":{"line":200,"column":21}},"loc":{"start":{"line":200,"column":60},"end":{"line":205,"column":3}}},"24":{"name":"(anonymous_24)","decl":{"start":{"line":207,"column":14},"end":{"line":207,"column":19}},"loc":{"start":{"line":207,"column":56},"end":{"line":212,"column":3}}},"25":{"name":"(anonymous_25)","decl":{"start":{"line":214,"column":22},"end":{"line":214,"column":27}},"loc":{"start":{"line":214,"column":51},"end":{"line":218,"column":3}}},"26":{"name":"(anonymous_26)","decl":{"start":{"line":220,"column":20},"end":{"line":220,"column":25}},"loc":{"start":{"line":220,"column":47},"end":{"line":224,"column":3}}},"27":{"name":"(anonymous_27)","decl":{"start":{"line":226,"column":25},"end":{"line":226,"column":30}},"loc":{"start":{"line":226,"column":54},"end":{"line":228,"column":3}}},"28":{"name":"(anonymous_28)","decl":{"start":{"line":230,"column":23},"end":{"line":230,"column":28}},"loc":{"start":{"line":230,"column":50},"end":{"line":232,"column":3}}},"29":{"name":"(anonymous_29)","decl":{"start":{"line":237,"column":10},"end":{"line":237,"column":15}},"loc":{"start":{"line":237,"column":65},"end":{"line":243,"column":3}}},"30":{"name":"(anonymous_30)","decl":{"start":{"line":245,"column":12},"end":{"line":245,"column":17}},"loc":{"start":{"line":245,"column":33},"end":{"line":249,"column":3}}},"31":{"name":"(anonymous_31)","decl":{"start":{"line":254,"column":16},"end":{"line":254,"column":21}},"loc":{"start":{"line":254,"column":27},"end":{"line":256,"column":3}}},"32":{"name":"(anonymous_32)","decl":{"start":{"line":258,"column":11},"end":{"line":258,"column":16}},"loc":{"start":{"line":258,"column":22},"end":{"line":260,"column":3}}},"33":{"name":"(anonymous_33)","decl":{"start":{"line":265,"column":14},"end":{"line":265,"column":19}},"loc":{"start":{"line":265,"column":61},"end":{"line":270,"column":3}}},"34":{"name":"(anonymous_34)","decl":{"start":{"line":272,"column":12},"end":{"line":272,"column":17}},"loc":{"start":{"line":272,"column":39},"end":{"line":274,"column":3}}},"35":{"name":"(anonymous_35)","decl":{"start":{"line":276,"column":7},"end":{"line":276,"column":12}},"loc":{"start":{"line":276,"column":149},"end":{"line":281,"column":3}}},"36":{"name":"(anonymous_36)","decl":{"start":{"line":283,"column":11},"end":{"line":283,"column":16}},"loc":{"start":{"line":283,"column":38},"end":{"line":288,"column":3}}},"37":{"name":"(anonymous_37)","decl":{"start":{"line":293,"column":20},"end":{"line":293,"column":25}},"loc":{"start":{"line":293,"column":31},"end":{"line":295,"column":3}}},"38":{"name":"(anonymous_38)","decl":{"start":{"line":297,"column":21},"end":{"line":297,"column":26}},"loc":{"start":{"line":297,"column":70},"end":{"line":302,"column":3}}},"39":{"name":"(anonymous_39)","decl":{"start":{"line":304,"column":15},"end":{"line":304,"column":20}},"loc":{"start":{"line":304,"column":47},"end":{"line":306,"column":3}}},"40":{"name":"(anonymous_40)","decl":{"start":{"line":308,"column":16},"end":{"line":308,"column":21}},"loc":{"start":{"line":308,"column":107},"end":{"line":313,"column":3}}},"41":{"name":"(anonymous_41)","decl":{"start":{"line":315,"column":19},"end":{"line":315,"column":24}},"loc":{"start":{"line":315,"column":46},"end":{"line":317,"column":3}}},"42":{"name":"(anonymous_42)","decl":{"start":{"line":319,"column":20},"end":{"line":319,"column":25}},"loc":{"start":{"line":319,"column":112},"end":{"line":324,"column":3}}},"43":{"name":"(anonymous_43)","decl":{"start":{"line":326,"column":20},"end":{"line":326,"column":25}},"loc":{"start":{"line":326,"column":51},"end":{"line":330,"column":3}}}},"branchMap":{"0":{"loc":{"start":{"line":13,"column":2},"end":{"line":17,"column":3}},"type":"if","locations":[{"start":{"line":13,"column":2},"end":{"line":17,"column":3}},{"start":{},"end":{}}]},"1":{"loc":{"start":{"line":15,"column":6},"end":{"line":15,"column":44}},"type":"if","locations":[{"start":{"line":15,"column":6},"end":{"line":15,"column":44}},{"start":{},"end":{}}]},"2":{"loc":{"start":{"line":18,"column":2},"end":{"line":20,"column":3}},"type":"if","locations":[{"start":{"line":18,"column":2},"end":{"line":20,"column":3}},{"start":{},"end":{}}]},"3":{"loc":{"start":{"line":21,"column":9},"end":{"line":21,"column":45}},"type":"binary-expr","locations":[{"start":{"line":21,"column":9},"end":{"line":21,"column":22}},{"start":{"line":21,"column":26},"end":{"line":21,"column":45}}]},"4":{"loc":{"start":{"line":25,"column":47},"end":{"line":25,"column":72}},"type":"default-arg","locations":[{"start":{"line":25,"column":70},"end":{"line":25,"column":72}}]},"5":{"loc":{"start":{"line":32,"column":2},"end":{"line":34,"column":3}},"type":"if","locations":[{"start":{"line":32,"column":2},"end":{"line":34,"column":3}},{"start":{},"end":{}}]},"6":{"loc":{"start":{"line":49,"column":2},"end":{"line":52,"column":3}},"type":"if","locations":[{"start":{"line":49,"column":2},"end":{"line":52,"column":3}},{"start":{},"end":{}}]},"7":{"loc":{"start":{"line":114,"column":4},"end":{"line":114,"column":75}},"type":"if","locations":[{"start":{"line":114,"column":4},"end":{"line":114,"column":75}},{"start":{},"end":{}}]},"8":{"loc":{"start":{"line":115,"column":4},"end":{"line":115,"column":63}},"type":"if","locations":[{"start":{"line":115,"column":4},"end":{"line":115,"column":63}},{"start":{},"end":{}}]},"9":{"loc":{"start":{"line":116,"column":4},"end":{"line":116,"column":69}},"type":"if","locations":[{"start":{"line":116,"column":4},"end":{"line":116,"column":69}},{"start":{},"end":{}}]},"10":{"loc":{"start":{"line":117,"column":4},"end":{"line":117,"column":91}},"type":"if","locations":[{"start":{"line":117,"column":4},"end":{"line":117,"column":91}},{"start":{},"end":{}}]},"11":{"loc":{"start":{"line":118,"column":4},"end":{"line":118,"column":94}},"type":"if","locations":[{"start":{"line":118,"column":4},"end":{"line":118,"column":94}},{"start":{},"end":{}}]},"12":{"loc":{"start":{"line":120,"column":41},"end":{"line":120,"column":77}},"type":"cond-expr","locations":[{"start":{"line":120,"column":55},"end":{"line":120,"column":72}},{"start":{"line":120,"column":75},"end":{"line":120,"column":77}}]},"13":{"loc":{"start":{"line":135,"column":21},"end":{"line":135,"column":46}},"type":"binary-expr","locations":[{"start":{"line":135,"column":21},"end":{"line":135,"column":37}},{"start":{"line":135,"column":41},"end":{"line":135,"column":46}}]},"14":{"loc":{"start":{"line":239,"column":4},"end":{"line":239,"column":91}},"type":"if","locations":[{"start":{"line":239,"column":4},"end":{"line":239,"column":91}},{"start":{},"end":{}}]},"15":{"loc":{"start":{"line":240,"column":4},"end":{"line":240,"column":94}},"type":"if","locations":[{"start":{"line":240,"column":4},"end":{"line":240,"column":94}},{"start":{},"end":{}}]},"16":{"loc":{"start":{"line":242,"column":45},"end":{"line":242,"column":81}},"type":"cond-expr","locations":[{"start":{"line":242,"column":59},"end":{"line":242,"column":76}},{"start":{"line":242,"column":79},"end":{"line":242,"column":81}}]}},"s":{"0":1,"1":1,"2":44,"3":1,"4":3,"5":3,"6":1,"7":1,"8":1,"9":2,"10":1,"11":1,"12":1,"13":44,"14":44,"15":44,"16":1,"17":44,"18":44,"19":1,"20":43,"21":3,"22":1,"23":3,"24":40,"25":1,"26":2,"27":4,"28":1,"29":1,"30":1,"31":1,"32":1,"33":1,"34":1,"35":1,"36":1,"37":1,"38":1,"39":1,"40":1,"41":0,"42":1,"43":1,"44":1,"45":1,"46":1,"47":1,"48":1,"49":1,"50":1,"51":1,"52":1,"53":1,"54":1,"55":1,"56":1,"57":1,"58":1,"59":1,"60":1,"61":1,"62":1,"63":1,"64":1,"65":1,"66":1,"67":1,"68":1,"69":1,"70":1,"71":1,"72":1,"73":1,"74":1,"75":1,"76":1,"77":1,"78":1,"79":1,"80":1,"81":1,"82":1,"83":1,"84":1,"85":1,"86":1,"87":1,"88":1,"89":1,"90":1,"91":1},"f":{"0":44,"1":3,"2":44,"3":1,"4":2,"5":4,"6":1,"7":1,"8":1,"9":1,"10":1,"11":1,"12":1,"13":1,"14":1,"15":1,"16":1,"17":1,"18":1,"19":1,"20":1,"21":1,"22":1,"23":1,"24":1,"25":1,"26":1,"27":1,"28":1,"29":1,"30":1,"31":1,"32":1,"33":1,"34":1,"35":1,"36":1,"37":1,"38":1,"39":1,"40":1,"41":1,"42":1,"43":1},"b":{"0":[1,2],"1":[1,0],"2":[1,1],"3":[1,0],"4":[15],"5":[1,43],"6":[3,40],"7":[1,0],"8":[1,0],"9":[0,1],"10":[1,0],"11":[1,0],"12":[1,0],"13":[1,0],"14":[1,0],"15":[1,0],"16":[1,0]}}
,"C:\\UniQueryProject\\UniQuery\\src\\lib\\utils.ts": {"path":"C:\\UniQueryProject\\UniQuery\\src\\lib\\utils.ts","statementMap":{"0":{"start":{"line":4,"column":0},"end":{"line":4,"column":16}},"1":{"start":{"line":1,"column":0},"end":{"line":1,"column":45}},"2":{"start":{"line":2,"column":0},"end":{"line":2,"column":41}},"3":{"start":{"line":5,"column":2},"end":{"line":5,"column":31}}},"fnMap":{"0":{"name":"cn","decl":{"start":{"line":4,"column":16},"end":{"line":4,"column":18}},"loc":{"start":{"line":4,"column":42},"end":{"line":6,"column":1}}}},"branchMap":{},"s":{"0":1,"1":1,"2":1,"3":102},"f":{"0":102},"b":{}}
,"C:\\UniQueryProject\\UniQuery\\src\\pages\\AuthPage.tsx": {"path":"C:\\UniQueryProject\\UniQuery\\src\\pages\\AuthPage.tsx","statementMap":{"0":{"start":{"line":1,"column":0},"end":{"line":1,"column":33}},"1":{"start":{"line":2,"column":0},"end":{"line":2,"column":47}},"2":{"start":{"line":3,"column":0},"end":{"line":3,"column":70}},"3":{"start":{"line":4,"column":0},"end":{"line":4,"column":48}},"4":{"start":{"line":5,"column":0},"end":{"line":5,"column":46}},"5":{"start":{"line":6,"column":0},"end":{"line":6,"column":42}},"6":{"start":{"line":7,"column":0},"end":{"line":7,"column":49}},"7":{"start":{"line":9,"column":17},"end":{"line":199,"column":1}},"8":{"start":{"line":10,"column":19},"end":{"line":10,"column":32}},"9":{"start":{"line":11,"column":30},"end":{"line":11,"column":39}},"10":{"start":{"line":12,"column":32},"end":{"line":12,"column":46}},"11":{"start":{"line":13,"column":42},"end":{"line":13,"column":57}},"12":{"start":{"line":14,"column":28},"end":{"line":14,"column":40}},"13":{"start":{"line":15,"column":34},"end":{"line":15,"column":46}},"14":{"start":{"line":16,"column":38},"end":{"line":16,"column":50}},"15":{"start":{"line":17,"column":36},"end":{"line":17,"column":51}},"16":{"start":{"line":19,"column":24},"end":{"line":30,"column":3}},"17":{"start":{"line":20,"column":4},"end":{"line":23,"column":5}},"18":{"start":{"line":21,"column":6},"end":{"line":21,"column":24}},"19":{"start":{"line":22,"column":6},"end":{"line":22,"column":18}},"20":{"start":{"line":24,"column":4},"end":{"line":27,"column":5}},"21":{"start":{"line":25,"column":6},"end":{"line":25,"column":55}},"22":{"start":{"line":26,"column":6},"end":{"line":26,"column":19}},"23":{"start":{"line":28,"column":4},"end":{"line":28,"column":22}},"24":{"start":{"line":29,"column":4},"end":{"line":29,"column":16}},"25":{"start":{"line":32,"column":23},"end":{"line":81,"column":3}},"26":{"start":{"line":33,"column":4},"end":{"line":33,"column":23}},"27":{"start":{"line":35,"column":4},"end":{"line":35,"column":38}},"28":{"start":{"line":35,"column":31},"end":{"line":35,"column":38}},"29":{"start":{"line":37,"column":4},"end":{"line":44,"column":5}},"30":{"start":{"line":38,"column":6},"end":{"line":42,"column":9}},"31":{"start":{"line":43,"column":6},"end":{"line":43,"column":13}},"32":{"start":{"line":46,"column":4},"end":{"line":53,"column":5}},"33":{"start":{"line":47,"column":6},"end":{"line":51,"column":9}},"34":{"start":{"line":52,"column":6},"end":{"line":52,"column":13}},"35":{"start":{"line":55,"column":4},"end":{"line":55,"column":23}},"36":{"start":{"line":57,"column":4},"end":{"line":80,"column":5}},"37":{"start":{"line":58,"column":6},"end":{"line":70,"column":7}},"38":{"start":{"line":59,"column":8},"end":{"line":59,"column":37}},"39":{"start":{"line":60,"column":8},"end":{"line":63,"column":11}},"40":{"start":{"line":65,"column":8},"end":{"line":65,"column":40}},"41":{"start":{"line":66,"column":8},"end":{"line":69,"column":11}},"42":{"start":{"line":73,"column":6},"end":{"line":77,"column":9}},"43":{"start":{"line":79,"column":6},"end":{"line":79,"column":26}},"44":{"start":{"line":83,"column":2},"end":{"line":198,"column":4}},"45":{"start":{"line":101,"column":29},"end":{"line":101,"column":45}},"46":{"start":{"line":111,"column":29},"end":{"line":111,"column":46}},"47":{"start":{"line":133,"column":20},"end":{"line":133,"column":45}},"48":{"start":{"line":134,"column":20},"end":{"line":134,"column":50}},"49":{"start":{"line":154,"column":35},"end":{"line":154,"column":62}},"50":{"start":{"line":160,"column":33},"end":{"line":160,"column":63}},"51":{"start":{"line":201,"column":0},"end":{"line":201,"column":24}}},"fnMap":{"0":{"name":"(anonymous_0)","decl":{"start":{"line":9,"column":17},"end":{"line":9,"column":20}},"loc":{"start":{"line":9,"column":22},"end":{"line":199,"column":1}}},"1":{"name":"(anonymous_1)","decl":{"start":{"line":19,"column":24},"end":{"line":19,"column":25}},"loc":{"start":{"line":19,"column":42},"end":{"line":30,"column":3}}},"2":{"name":"(anonymous_2)","decl":{"start":{"line":32,"column":23},"end":{"line":32,"column":28}},"loc":{"start":{"line":32,"column":52},"end":{"line":81,"column":3}}},"3":{"name":"(anonymous_3)","decl":{"start":{"line":101,"column":23},"end":{"line":101,"column":26}},"loc":{"start":{"line":101,"column":29},"end":{"line":101,"column":45}}},"4":{"name":"(anonymous_4)","decl":{"start":{"line":111,"column":23},"end":{"line":111,"column":26}},"loc":{"start":{"line":111,"column":29},"end":{"line":111,"column":46}}},"5":{"name":"(anonymous_5)","decl":{"start":{"line":132,"column":28},"end":{"line":132,"column":29}},"loc":{"start":{"line":132,"column":34},"end":{"line":135,"column":19}}},"6":{"name":"(anonymous_6)","decl":{"start":{"line":154,"column":28},"end":{"line":154,"column":29}},"loc":{"start":{"line":154,"column":35},"end":{"line":154,"column":62}}},"7":{"name":"(anonymous_7)","decl":{"start":{"line":160,"column":27},"end":{"line":160,"column":30}},"loc":{"start":{"line":160,"column":33},"end":{"line":160,"column":63}}}},"branchMap":{"0":{"loc":{"start":{"line":20,"column":4},"end":{"line":23,"column":5}},"type":"if","locations":[{"start":{"line":20,"column":4},"end":{"line":23,"column":5}},{"start":{},"end":{}}]},"1":{"loc":{"start":{"line":24,"column":4},"end":{"line":27,"column":5}},"type":"if","locations":[{"start":{"line":24,"column":4},"end":{"line":27,"column":5}},{"start":{},"end":{}}]},"2":{"loc":{"start":{"line":35,"column":4},"end":{"line":35,"column":38}},"type":"if","locations":[{"start":{"line":35,"column":4},"end":{"line":35,"column":38}},{"start":{},"end":{}}]},"3":{"loc":{"start":{"line":37,"column":4},"end":{"line":44,"column":5}},"type":"if","locations":[{"start":{"line":37,"column":4},"end":{"line":44,"column":5}},{"start":{},"end":{}}]},"4":{"loc":{"start":{"line":37,"column":8},"end":{"line":37,"column":27}},"type":"binary-expr","locations":[{"start":{"line":37,"column":8},"end":{"line":37,"column":14}},{"start":{"line":37,"column":18},"end":{"line":37,"column":27}}]},"5":{"loc":{"start":{"line":46,"column":4},"end":{"line":53,"column":5}},"type":"if","locations":[{"start":{"line":46,"column":4},"end":{"line":53,"column":5}},{"start":{},"end":{}}]},"6":{"loc":{"start":{"line":58,"column":6},"end":{"line":70,"column":7}},"type":"if","locations":[{"start":{"line":58,"column":6},"end":{"line":70,"column":7}},{"start":{"line":64,"column":13},"end":{"line":70,"column":7}}]},"7":{"loc":{"start":{"line":74,"column":15},"end":{"line":74,"column":63}},"type":"cond-expr","locations":[{"start":{"line":74,"column":25},"end":{"line":74,"column":39}},{"start":{"line":74,"column":42},"end":{"line":74,"column":63}}]},"8":{"loc":{"start":{"line":75,"column":21},"end":{"line":75,"column":81}},"type":"cond-expr","locations":[{"start":{"line":75,"column":46},"end":{"line":75,"column":59}},{"start":{"line":75,"column":62},"end":{"line":75,"column":81}}]},"9":{"loc":{"start":{"line":103,"column":16},"end":{"line":105,"column":null}},"type":"cond-expr","locations":[{"start":{"line":104,"column":20},"end":{"line":104,"column":55}},{"start":{"line":105,"column":20},"end":{"line":105,"column":null}}]},"10":{"loc":{"start":{"line":113,"column":16},"end":{"line":115,"column":null}},"type":"cond-expr","locations":[{"start":{"line":114,"column":20},"end":{"line":114,"column":55}},{"start":{"line":115,"column":20},"end":{"line":115,"column":null}}]},"11":{"loc":{"start":{"line":137,"column":38},"end":{"line":137,"column":107}},"type":"cond-expr","locations":[{"start":{"line":137,"column":51},"end":{"line":137,"column":102}},{"start":{"line":137,"column":105},"end":{"line":137,"column":107}}]},"12":{"loc":{"start":{"line":140,"column":15},"end":{"line":141,"column":null}},"type":"binary-expr","locations":[{"start":{"line":140,"column":15},"end":{"line":140,"column":25}},{"start":{"line":141,"column":16},"end":{"line":141,"column":77}}]},"13":{"loc":{"start":{"line":152,"column":24},"end":{"line":152,"column":58}},"type":"cond-expr","locations":[{"start":{"line":152,"column":39},"end":{"line":152,"column":45}},{"start":{"line":152,"column":48},"end":{"line":152,"column":58}}]},"14":{"loc":{"start":{"line":163,"column":19},"end":{"line":163,"column":94}},"type":"cond-expr","locations":[{"start":{"line":163,"column":34},"end":{"line":163,"column":64}},{"start":{"line":163,"column":67},"end":{"line":163,"column":94}}]},"15":{"loc":{"start":{"line":168,"column":13},"end":{"line":173,"column":null}},"type":"binary-expr","locations":[{"start":{"line":168,"column":13},"end":{"line":168,"column":20}},{"start":{"line":169,"column":14},"end":{"line":172,"column":null}}]},"16":{"loc":{"start":{"line":177,"column":15},"end":{"line":181,"column":36}},"type":"cond-expr","locations":[{"start":{"line":178,"column":18},"end":{"line":178,"column":34}},{"start":{"line":179,"column":18},"end":{"line":181,"column":36}}]},"17":{"loc":{"start":{"line":179,"column":18},"end":{"line":181,"column":36}},"type":"cond-expr","locations":[{"start":{"line":180,"column":20},"end":{"line":180,"column":45}},{"start":{"line":181,"column":20},"end":{"line":181,"column":36}}]},"18":{"loc":{"start":{"line":186,"column":11},"end":{"line":189,"column":null}},"type":"binary-expr","locations":[{"start":{"line":186,"column":11},"end":{"line":186,"column":19}},{"start":{"line":187,"column":12},"end":{"line":187,"column":null}}]}},"s":{"0":1,"1":1,"2":1,"3":1,"4":1,"5":1,"6":1,"7":1,"8":35,"9":35,"10":35,"11":35,"12":35,"13":35,"14":35,"15":35,"16":35,"17":10,"18":1,"19":1,"20":9,"21":1,"22":1,"23":8,"24":8,"25":35,"26":5,"27":5,"28":0,"29":5,"30":1,"31":1,"32":4,"33":1,"34":1,"35":3,"36":3,"37":3,"38":2,"39":1,"40":1,"41":1,"42":1,"43":3,"44":35,"45":1,"46":3,"47":5,"48":5,"49":4,"50":1,"51":1},"f":{"0":35,"1":10,"2":5,"3":1,"4":3,"5":5,"6":4,"7":1},"b":{"0":[1,9],"1":[1,8],"2":[0,5],"3":[1,4],"4":[5,4],"5":[1,3],"6":[2,1],"7":[1,0],"8":[1,0],"9":[28,7],"10":[7,28],"11":[1,34],"12":[35,1],"13":[1,34],"14":[1,34],"15":[35,28],"16":[3,32],"17":[26,6],"18":[35,7]}}
}
