TN:
SF:src\lib\api.ts
FN:4,(anonymous_0)
FN:8,(anonymous_1)
FN:25,(anonymous_2)
FN:50,(anonymous_3)
FN:59,(anonymous_4)
FN:70,(anonymous_5)
FN:80,(anonymous_6)
FN:87,(anonymous_7)
FN:91,(anonymous_8)
FN:98,(anonymous_9)
FN:105,(anonymous_10)
FN:112,(anonymous_11)
FN:123,(anonymous_12)
FN:127,(anonymous_13)
FN:140,(anonymous_14)
FN:146,(anonymous_15)
FN:152,(anonymous_16)
FN:159,(anonymous_17)
FN:168,(anonymous_18)
FN:172,(anonymous_19)
FN:179,(anonymous_20)
FN:185,(anonymous_21)
FN:191,(anonymous_22)
FN:200,(anonymous_23)
FN:207,(anonymous_24)
FN:214,(anonymous_25)
FN:220,(anonymous_26)
FN:226,(anonymous_27)
FN:230,(anonymous_28)
FN:237,(anonymous_29)
FN:245,(anonymous_30)
FN:254,(anonymous_31)
FN:258,(anonymous_32)
FN:265,(anonymous_33)
FN:272,(anonymous_34)
FN:276,(anonymous_35)
FN:283,(anonymous_36)
FN:293,(anonymous_37)
FN:297,(anonymous_38)
FN:304,(anonymous_39)
FN:308,(anonymous_40)
FN:315,(anonymous_41)
FN:319,(anonymous_42)
FN:326,(anonymous_43)
FNF:44
FNH:44
FNDA:44,(anonymous_0)
FNDA:3,(anonymous_1)
FNDA:44,(anonymous_2)
FNDA:1,(anonymous_3)
FNDA:2,(anonymous_4)
FNDA:4,(anonymous_5)
FNDA:1,(anonymous_6)
FNDA:1,(anonymous_7)
FNDA:1,(anonymous_8)
FNDA:1,(anonymous_9)
FNDA:1,(anonymous_10)
FNDA:1,(anonymous_11)
FNDA:1,(anonymous_12)
FNDA:1,(anonymous_13)
FNDA:1,(anonymous_14)
FNDA:1,(anonymous_15)
FNDA:1,(anonymous_16)
FNDA:1,(anonymous_17)
FNDA:1,(anonymous_18)
FNDA:1,(anonymous_19)
FNDA:1,(anonymous_20)
FNDA:1,(anonymous_21)
FNDA:1,(anonymous_22)
FNDA:1,(anonymous_23)
FNDA:1,(anonymous_24)
FNDA:1,(anonymous_25)
FNDA:1,(anonymous_26)
FNDA:1,(anonymous_27)
FNDA:1,(anonymous_28)
FNDA:1,(anonymous_29)
FNDA:1,(anonymous_30)
FNDA:1,(anonymous_31)
FNDA:1,(anonymous_32)
FNDA:1,(anonymous_33)
FNDA:1,(anonymous_34)
FNDA:1,(anonymous_35)
FNDA:1,(anonymous_36)
FNDA:1,(anonymous_37)
FNDA:1,(anonymous_38)
FNDA:1,(anonymous_39)
FNDA:1,(anonymous_40)
FNDA:1,(anonymous_41)
FNDA:1,(anonymous_42)
FNDA:1,(anonymous_43)
DA:1,1
DA:4,1
DA:5,44
DA:8,1
DA:12,3
DA:13,3
DA:14,1
DA:15,1
DA:18,2
DA:19,1
DA:21,1
DA:25,1
DA:26,44
DA:27,44
DA:32,44
DA:33,1
DA:37,44
DA:38,44
DA:44,1
DA:49,43
DA:50,3
DA:51,3
DA:54,40
DA:58,1
DA:60,2
DA:71,4
DA:81,1
DA:86,1
DA:88,1
DA:92,1
DA:99,1
DA:106,1
DA:111,1
DA:113,1
DA:114,1
DA:115,1
DA:116,1
DA:117,1
DA:118,1
DA:119,1
DA:120,1
DA:124,1
DA:128,1
DA:141,1
DA:147,1
DA:153,1
DA:160,1
DA:167,1
DA:169,1
DA:173,1
DA:180,1
DA:186,1
DA:192,1
DA:199,1
DA:201,1
DA:208,1
DA:215,1
DA:221,1
DA:227,1
DA:231,1
DA:236,1
DA:238,1
DA:239,1
DA:240,1
DA:241,1
DA:242,1
DA:246,1
DA:253,1
DA:255,1
DA:259,1
DA:264,1
DA:266,1
DA:273,1
DA:277,1
DA:284,1
DA:292,1
DA:294,1
DA:298,1
DA:305,1
DA:309,1
DA:316,1
DA:320,1
DA:327,1
LF:83
LH:83
BRDA:13,0,0,1
BRDA:13,0,1,2
BRDA:15,1,0,1
BRDA:15,1,1,0
BRDA:18,2,0,1
BRDA:18,2,1,1
BRDA:21,3,0,1
BRDA:21,3,1,0
BRDA:25,4,0,15
BRDA:32,5,0,1
BRDA:32,5,1,43
BRDA:49,6,0,3
BRDA:49,6,1,40
BRDA:114,7,0,1
BRDA:114,7,1,0
BRDA:115,8,0,1
BRDA:115,8,1,0
BRDA:116,9,0,0
BRDA:116,9,1,1
BRDA:117,10,0,1
BRDA:117,10,1,0
BRDA:118,11,0,1
BRDA:118,11,1,0
BRDA:120,12,0,1
BRDA:120,12,1,0
BRDA:135,13,0,1
BRDA:135,13,1,0
BRDA:239,14,0,1
BRDA:239,14,1,0
BRDA:240,15,0,1
BRDA:240,15,1,0
BRDA:242,16,0,1
BRDA:242,16,1,0
BRF:33
BRH:21
end_of_record
TN:
SF:src\lib\utils.ts
FN:4,cn
FNF:1
FNH:1
FNDA:102,cn
DA:1,1
DA:2,1
DA:4,1
DA:5,102
LF:4
LH:4
BRF:0
BRH:0
end_of_record
TN:
SF:src\pages\AuthPage.tsx
FN:9,(anonymous_0)
FN:19,(anonymous_1)
FN:32,(anonymous_2)
FN:101,(anonymous_3)
FN:111,(anonymous_4)
FN:132,(anonymous_5)
FN:154,(anonymous_6)
FN:160,(anonymous_7)
FNF:8
FNH:8
FNDA:35,(anonymous_0)
FNDA:10,(anonymous_1)
FNDA:5,(anonymous_2)
FNDA:1,(anonymous_3)
FNDA:3,(anonymous_4)
FNDA:5,(anonymous_5)
FNDA:4,(anonymous_6)
FNDA:1,(anonymous_7)
DA:1,1
DA:2,1
DA:3,1
DA:4,1
DA:5,1
DA:6,1
DA:7,1
DA:9,1
DA:10,35
DA:11,35
DA:12,35
DA:13,35
DA:14,35
DA:15,35
DA:16,35
DA:17,35
DA:19,35
DA:20,10
DA:21,1
DA:22,1
DA:24,9
DA:25,1
DA:26,1
DA:28,8
DA:29,8
DA:32,35
DA:33,5
DA:35,5
DA:37,5
DA:38,1
DA:43,1
DA:46,4
DA:47,1
DA:52,1
DA:55,3
DA:57,3
DA:58,3
DA:59,2
DA:60,1
DA:65,1
DA:66,1
DA:73,1
DA:79,3
DA:83,35
DA:101,1
DA:111,3
DA:133,5
DA:134,5
DA:154,4
DA:160,1
DA:201,1
LF:51
LH:51
BRDA:20,0,0,1
BRDA:20,0,1,9
BRDA:24,1,0,1
BRDA:24,1,1,8
BRDA:35,2,0,0
BRDA:35,2,1,5
BRDA:37,3,0,1
BRDA:37,3,1,4
BRDA:37,4,0,5
BRDA:37,4,1,4
BRDA:46,5,0,1
BRDA:46,5,1,3
BRDA:58,6,0,2
BRDA:58,6,1,1
BRDA:74,7,0,1
BRDA:74,7,1,0
BRDA:75,8,0,1
BRDA:75,8,1,0
BRDA:103,9,0,28
BRDA:103,9,1,7
BRDA:113,10,0,7
BRDA:113,10,1,28
BRDA:137,11,0,1
BRDA:137,11,1,34
BRDA:140,12,0,35
BRDA:140,12,1,1
BRDA:152,13,0,1
BRDA:152,13,1,34
BRDA:163,14,0,1
BRDA:163,14,1,34
BRDA:168,15,0,35
BRDA:168,15,1,28
BRDA:177,16,0,3
BRDA:177,16,1,32
BRDA:179,17,0,26
BRDA:179,17,1,6
BRDA:186,18,0,35
BRDA:186,18,1,7
BRF:38
BRH:35
end_of_record
